

Processing ApplicationController#index (for 127.0.0.1 at 2010-04-15 19:16:42) [GET]

NameError (uninitialized constant TodoController):
  

Rendered rescues/_trace (387.0ms)
Rendered rescues/_request_and_response (10.0ms)
Rendering rescues/layout (internal_server_error)


Processing ApplicationController#index (for 127.0.0.1 at 2010-04-15 19:17:04) [GET]

NameError (uninitialized constant TodoitemsController):
  

Rendered rescues/_trace (149.0ms)
Rendered rescues/_request_and_response (2.0ms)
Rendering rescues/layout (internal_server_error)
  [4;36;1mSQL (2.0ms)[0m   [0;1m SELECT name
 FROM sqlite_master
 WHERE type = 'table' AND NOT name = 'sqlite_sequence'
[0m
  [4;35;1mSQL (1.0ms)[0m   [0mselect sqlite_version(*)[0m
  [4;36;1mSQL (139.0ms)[0m   [0;1mCREATE TABLE "schema_migrations" ("version" varchar(255) NOT NULL) [0m
  [4;35;1mSQL (207.0ms)[0m   [0mCREATE UNIQUE INDEX "unique_schema_migrations" ON "schema_migrations" ("version")[0m
  [4;36;1mSQL (2.0ms)[0m   [0;1m SELECT name
 FROM sqlite_master
 WHERE type = 'table' AND NOT name = 'sqlite_sequence'
[0m
  [4;35;1mSQL (2.0ms)[0m   [0mSELECT version FROM schema_migrations[0m
Migrating to CreateTodoItems (20100415091134)
  [4;36;1mSQL (5.0ms)[0m   [0;1mCREATE TABLE "todo_items" ("id" INTEGER PRIMARY KEY AUTOINCREMENT NOT NULL, "title" varchar(255), "done" boolean, "created_at" datetime, "updated_at" datetime) [0m
  [4;35;1mSQL (1.0ms)[0m   [0mINSERT INTO schema_migrations (version) VALUES ('20100415091134')[0m
  [4;36;1mSQL (1.0ms)[0m   [0;1m SELECT name
 FROM sqlite_master
 WHERE type = 'table' AND NOT name = 'sqlite_sequence'
[0m
  [4;35;1mSQL (2.0ms)[0m   [0mSELECT version FROM schema_migrations[0m
  [4;36;1mSQL (1.0ms)[0m   [0;1m SELECT name
 FROM sqlite_master
 WHERE type = 'table' AND NOT name = 'sqlite_sequence'
[0m
  [4;35;1mSQL (0.0ms)[0m   [0mPRAGMA index_list("todo_items")[0m


Processing ApplicationController#index (for 127.0.0.1 at 2010-04-15 19:18:09) [GET]

NameError (uninitialized constant TodoitemsController):
  

Rendered rescues/_trace (126.0ms)
Rendered rescues/_request_and_response (1.0ms)
Rendering rescues/layout (internal_server_error)


Processing ApplicationController#index (for 127.0.0.1 at 2010-04-15 19:19:15) [GET]

NameError (uninitialized constant TodoitemsController):
  

Rendered rescues/_trace (138.0ms)
Rendered rescues/_request_and_response (1.0ms)
Rendering rescues/layout (internal_server_error)


Processing TodoItemsController#index (for 127.0.0.1 at 2010-04-15 19:19:27) [GET]
Rendering template within layouts/application
Rendering todo_items/index
Completed in 69ms (View: 62, DB: 0) | 200 OK [http://localhost/]


Processing TodoItemsController#index (for 127.0.0.1 at 2010-04-15 19:23:06) [GET]

NameError (uninitialized constant TodoItemsController::TodoItems):
  app/controllers/todo_items_controller.rb:3:in `index'

Rendered rescues/_trace (150.0ms)
Rendered rescues/_request_and_response (1.0ms)
Rendering rescues/layout (internal_server_error)


Processing TodoItemsController#index (for 127.0.0.1 at 2010-04-15 19:23:15) [GET]
  [4;36;1mTodoItem Load (1.0ms)[0m   [0;1mSELECT * FROM "todo_items" [0m
Rendering template within layouts/application
Rendering todo_items/index
Completed in 1323ms (View: 1258, DB: 1) | 200 OK [http://localhost/]


Processing TodoItemsController#index (for 127.0.0.1 at 2010-04-15 19:23:28) [POST]
  Parameters: {"authenticity_token"=>"nxcTG+XvI0oM8XH5nIIeN7/5q3kfJ2500z/EcoU9ctc=", "todoItem"=>{"title"=>"Get things working to begin with"}}
  [4;35;1mTodoItem Load (1.0ms)[0m   [0mSELECT * FROM "todo_items" [0m
Rendering template within layouts/application
Rendering todo_items/index
Completed in 77ms (View: 18, DB: 1) | 200 OK [http://localhost/]


Processing TodoItemsController#index (for 127.0.0.1 at 2010-04-15 19:24:13) [POST]
  Parameters: {"authenticity_token"=>"nxcTG+XvI0oM8XH5nIIeN7/5q3kfJ2500z/EcoU9ctc=", "todoItem"=>{"title"=>"Get things working to begin with"}}
  [4;36;1mTodoItem Load (1.0ms)[0m   [0;1mSELECT * FROM "todo_items" [0m
Rendering template within layouts/application
Rendering todo_items/index
Completed in 268ms (View: 42, DB: 1) | 200 OK [http://localhost/]


Processing TodoItemsController#index (for 127.0.0.1 at 2010-04-15 19:26:14) [GET]
  [4;35;1mTodoItem Load (1.0ms)[0m   [0mSELECT * FROM "todo_items" [0m
Rendering template within layouts/application
Rendering todo_items/index
Completed in 103ms (View: 40, DB: 1) | 200 OK [http://localhost/]


Processing ApplicationController#index (for 127.0.0.1 at 2010-04-15 19:26:21) [POST]
  Parameters: {"commit"=>"Add", "authenticity_token"=>"nxcTG+XvI0oM8XH5nIIeN7/5q3kfJ2500z/EcoU9ctc=", "todoItem"=>{"title"=>"Buy a goat"}}

ActionController::RoutingError (No route matches "/todoitems/create" with {:method=>:post}):
  

Rendering rescues/layout (not_found)


Processing TodoItemsController#index (for 127.0.0.1 at 2010-04-15 19:27:00) [GET]
  [4;36;1mTodoItem Load (1.0ms)[0m   [0;1mSELECT * FROM "todo_items" [0m
Rendering template within layouts/application
Rendering todo_items/index
Completed in 104ms (View: 41, DB: 1) | 200 OK [http://localhost/]


Processing ApplicationController#index (for 127.0.0.1 at 2010-04-15 19:27:05) [POST]
  Parameters: {"todo_item"=>{"title"=>"Buy a goat"}, "commit"=>"Add", "authenticity_token"=>"nxcTG+XvI0oM8XH5nIIeN7/5q3kfJ2500z/EcoU9ctc="}

ActionController::RoutingError (No route matches "/todoitems/create" with {:method=>:post}):
  

Rendering rescues/layout (not_found)


Processing TodoItemsController#index (for 127.0.0.1 at 2010-04-15 19:27:12) [GET]
  [4;35;1mTodoItem Load (1.0ms)[0m   [0mSELECT * FROM "todo_items" [0m
Rendering template within layouts/application
Rendering todo_items/index
Completed in 92ms (View: 23, DB: 1) | 200 OK [http://localhost/]


Processing TodoItemsController#index (for 127.0.0.1 at 2010-04-15 19:27:49) [GET]
  [4;36;1mTodoItem Load (1.0ms)[0m   [0;1mSELECT * FROM "todo_items" [0m
Rendering template within layouts/application
Rendering todo_items/index
Completed in 106ms (View: 18, DB: 1) | 200 OK [http://localhost/]


Processing TodoItemsController#index (for 127.0.0.1 at 2010-04-15 19:27:56) [GET]
  [4;35;1mTodoItem Load (0.0ms)[0m   [0mSELECT * FROM "todo_items" [0m
Rendering template within layouts/application
Rendering todo_items/index
Completed in 79ms (View: 19, DB: 0) | 200 OK [http://localhost/]


Processing TodoItemsController#create (for 127.0.0.1 at 2010-04-15 19:29:18) [POST]
  Parameters: {"todo_item"=>{"title"=>"Buy a goat"}, "commit"=>"Add", "authenticity_token"=>"nxcTG+XvI0oM8XH5nIIeN7/5q3kfJ2500z/EcoU9ctc="}
  [4;36;1mTodoItem Create (7.0ms)[0m   [0;1mINSERT INTO "todo_items" ("created_at", "title", "updated_at", "done") VALUES('2010-04-15 09:29:18', NULL, '2010-04-15 09:29:18', NULL)[0m

NameError (undefined local variable or method `todoitems_path' for #<TodoItemsController:0x7f11824c>):
  app/controllers/todo_items_controller.rb:9:in `create'

Rendered rescues/_trace (218.0ms)
Rendered rescues/_request_and_response (2.0ms)
Rendering rescues/layout (internal_server_error)


Processing TodoItemsController#index (for 127.0.0.1 at 2010-04-15 19:29:36) [GET]
  [4;35;1mTodoItem Load (6.0ms)[0m   [0mSELECT * FROM "todo_items" [0m
Rendering template within layouts/application
Rendering todo_items/index
Completed in 77ms (View: 17, DB: 6) | 200 OK [http://localhost/todo_items]


Processing TodoItemsController#create (for 127.0.0.1 at 2010-04-15 19:29:52) [POST]
  Parameters: {"todo_item"=>{"title"=>"Buy a goat"}, "commit"=>"Add", "authenticity_token"=>"nxcTG+XvI0oM8XH5nIIeN7/5q3kfJ2500z/EcoU9ctc="}
  [4;36;1mTodoItem Create (6.0ms)[0m   [0;1mINSERT INTO "todo_items" ("created_at", "title", "updated_at", "done") VALUES('2010-04-15 09:29:52', NULL, '2010-04-15 09:29:52', NULL)[0m
Redirected to http://localhost:3000/todo_items
Completed in 249ms (DB: 6) | 302 Found [http://localhost/todo_items]


Processing TodoItemsController#index (for 127.0.0.1 at 2010-04-15 19:29:54) [GET]
  [4;35;1mTodoItem Load (2.0ms)[0m   [0mSELECT * FROM "todo_items" [0m
Rendering template within layouts/application
Rendering todo_items/index
Completed in 81ms (View: 19, DB: 2) | 200 OK [http://localhost/todo_items]


Processing TodoItemsController#create (for 127.0.0.1 at 2010-04-15 19:30:50) [POST]
  Parameters: {"todo_item"=>{"title"=>"Clear out the broken items"}, "commit"=>"Add", "authenticity_token"=>"nxcTG+XvI0oM8XH5nIIeN7/5q3kfJ2500z/EcoU9ctc="}
  [4;36;1mTodoItem Create (5.0ms)[0m   [0;1mINSERT INTO "todo_items" ("created_at", "title", "updated_at", "done") VALUES('2010-04-15 09:30:50', 'Clear out the broken items', '2010-04-15 09:30:50', NULL)[0m
Redirected to http://localhost:3000/todo_items
Completed in 254ms (DB: 5) | 302 Found [http://localhost/todo_items]


Processing TodoItemsController#index (for 127.0.0.1 at 2010-04-15 19:30:52) [GET]
  [4;35;1mTodoItem Load (3.0ms)[0m   [0mSELECT * FROM "todo_items" [0m
Rendering template within layouts/application
Rendering todo_items/index
Completed in 86ms (View: 20, DB: 3) | 200 OK [http://localhost/todo_items]


Processing TodoItemsController#create (for 127.0.0.1 at 2010-04-15 19:31:36) [POST]
  Parameters: {"todo_item"=>{"title"=>"Add done concept"}, "commit"=>"Add", "authenticity_token"=>"nxcTG+XvI0oM8XH5nIIeN7/5q3kfJ2500z/EcoU9ctc="}
  [4;36;1mTodoItem Create (18.0ms)[0m   [0;1mINSERT INTO "todo_items" ("created_at", "title", "updated_at", "done") VALUES('2010-04-15 09:31:36', 'Add done concept', '2010-04-15 09:31:36', 'f')[0m
Redirected to http://localhost:3000/todo_items
Completed in 298ms (DB: 18) | 302 Found [http://localhost/todo_items]


Processing TodoItemsController#index (for 127.0.0.1 at 2010-04-15 19:31:38) [GET]
  [4;35;1mTodoItem Load (2.0ms)[0m   [0mSELECT * FROM "todo_items" [0m
Rendering template within layouts/application
Rendering todo_items/index
Completed in 98ms (View: 24, DB: 2) | 200 OK [http://localhost/todo_items]


Processing TodoItemsController#index (for 127.0.0.1 at 2010-04-15 19:33:28) [GET]
  [4;36;1mTodoItem Load (0.0ms)[0m   [0;1mSQLite3::SQLException: no such column: created_on: SELECT * FROM "todo_items" ORDER BY created_on desc[0m

ActiveRecord::StatementInvalid (SQLite3::SQLException: no such column: created_on: SELECT * FROM "todo_items"  ORDER BY created_on desc):
  app/controllers/todo_items_controller.rb:4:in `index'

Rendered rescues/_trace (185.0ms)
Rendered rescues/_request_and_response (2.0ms)
Rendering rescues/layout (internal_server_error)


Processing TodoItemsController#index (for 127.0.0.1 at 2010-04-15 19:33:38) [GET]
  [4;35;1mTodoItem Load (34.0ms)[0m   [0mSELECT * FROM "todo_items" ORDER BY created_at desc[0m
Rendering template within layouts/application
Rendering todo_items/index
Completed in 110ms (View: 21, DB: 34) | 200 OK [http://localhost/todo_items]


Processing TodoItemsController#index (for 127.0.0.1 at 2010-04-15 19:36:27) [GET]
  [4;36;1mTodoItem Load (2.0ms)[0m   [0;1mSELECT * FROM "todo_items" ORDER BY created_at desc[0m
Rendering template within layouts/application
Rendering todo_items/index
Completed in 99ms (View: 34, DB: 2) | 200 OK [http://localhost/todo_items]


Processing TodoItemsController#create (for 127.0.0.1 at 2010-04-15 19:36:33) [POST]
  Parameters: {"todo_item"=>{"title"=>"Buy cheese"}, "commit"=>"Add", "authenticity_token"=>"nxcTG+XvI0oM8XH5nIIeN7/5q3kfJ2500z/EcoU9ctc="}
  [4;35;1mTodoItem Create (6.0ms)[0m   [0mINSERT INTO "todo_items" ("created_at", "title", "updated_at", "done") VALUES('2010-04-15 09:36:33', 'Buy cheese', '2010-04-15 09:36:33', 'f')[0m
Redirected to http://localhost:3000/
Completed in 258ms (DB: 6) | 302 Found [http://localhost/todo_items]


Processing TodoItemsController#index (for 127.0.0.1 at 2010-04-15 19:36:35) [GET]
  [4;36;1mTodoItem Load (2.0ms)[0m   [0;1mSELECT * FROM "todo_items" ORDER BY created_at desc[0m
Rendering template within layouts/application
Rendering todo_items/index
Completed in 92ms (View: 24, DB: 2) | 200 OK [http://localhost/]


Processing TodoItemsController#create (for 127.0.0.1 at 2010-04-15 19:38:26) [POST]
  Parameters: {"todo_item"=>{"title"=>""}, "commit"=>"Add", "authenticity_token"=>"nxcTG+XvI0oM8XH5nIIeN7/5q3kfJ2500z/EcoU9ctc="}
  [4;35;1mTodoItem Load (3.0ms)[0m   [0mSELECT * FROM "todo_items" ORDER BY created_at desc[0m
Rendering template within layouts/application
Rendering todo_items/index
Completed in 286ms (View: 213, DB: 3) | 200 OK [http://localhost/todo_items]


Processing TodoItemsController#index (for 127.0.0.1 at 2010-04-15 19:39:55) [GET]
  [4;36;1mTodoItem Load (4.0ms)[0m   [0;1mSELECT * FROM "todo_items" ORDER BY created_at desc[0m
Rendering template within layouts/application
Rendering todo_items/index

ActionView::TemplateError (undefined local variable or method `i' for #<ActionView::Base:0x7f3190dc>) on line #1 of app/views/todo_items/_todo_item.html.erb:
1: <li><%= i.title %></li>

    app/views/todo_items/_todo_item.html.erb:1
    app/views/todo_items/index.html.erb:11

Rendered rescues/_trace (231.0ms)
Rendered rescues/_request_and_response (1.0ms)
Rendering rescues/layout (internal_server_error)


Processing TodoItemsController#index (for 127.0.0.1 at 2010-04-15 19:40:17) [GET]
  [4;35;1mTodoItem Load (2.0ms)[0m   [0mSELECT * FROM "todo_items" ORDER BY created_at desc[0m
Rendering template within layouts/application
Rendering todo_items/index

ActionView::TemplateError (undefined method `title' for nil:NilClass) on line #1 of app/views/todo_items/_todo_item.html.erb:
1: <li><%= @todo_item.title %></li>

    app/views/todo_items/_todo_item.html.erb:1
    app/views/todo_items/index.html.erb:11

Rendered rescues/_trace (404.0ms)
Rendered rescues/_request_and_response (1.0ms)
Rendering rescues/layout (internal_server_error)


Processing TodoItemsController#index (for 127.0.0.1 at 2010-04-15 19:41:12) [GET]
  [4;36;1mTodoItem Load (2.0ms)[0m   [0;1mSELECT * FROM "todo_items" ORDER BY created_at desc[0m
Rendering template within layouts/application
Rendering todo_items/index
Rendered todo_items/_todo_item (4.0ms)
Rendered todo_items/_todo_item (1.0ms)
Rendered todo_items/_todo_item (1.0ms)
Rendered todo_items/_todo_item (0.0ms)
Rendered todo_items/_todo_item (0.0ms)
Completed in 110ms (View: 48, DB: 2) | 200 OK [http://localhost/todo_items]


Processing TodoItemsController#index (for 127.0.0.1 at 2010-04-15 19:42:41) [GET]
  [4;35;1mTodoItem Load (3.0ms)[0m   [0mSELECT * FROM "todo_items" ORDER BY created_at desc[0m
Rendering template within layouts/application
Rendering todo_items/index
Rendered todo_items/_todo_item (5.0ms)
Rendered todo_items/_todo_item (1.0ms)
Rendered todo_items/_todo_item (0.0ms)
Rendered todo_items/_todo_item (1.0ms)
Rendered todo_items/_todo_item (0.0ms)
Completed in 116ms (View: 49, DB: 3) | 200 OK [http://localhost/]


Processing TodoItemsController#index (for 127.0.0.1 at 2010-04-15 19:43:08) [GET]
  [4;36;1mTodoItem Load (2.0ms)[0m   [0;1mSELECT * FROM "todo_items" ORDER BY created_at desc[0m
Rendering template within layouts/application
Rendering todo_items/index
Rendered todo_items/_todo_item (7.0ms)
Rendered todo_items/_todo_item (2.0ms)
Rendered todo_items/_todo_item (2.0ms)
Rendered todo_items/_todo_item (1.0ms)
Rendered todo_items/_todo_item (1.0ms)
Completed in 122ms (View: 54, DB: 2) | 200 OK [http://localhost/]


Processing TodoItemsController#show (for 127.0.0.1 at 2010-04-15 19:43:12) [GET]
  Parameters: {"id"=>"destroy"}

ActionController::UnknownAction (No action responded to show. Actions: create and index):
  

Rendering rescues/layout (not_found)


Processing TodoItemsController#index (for 127.0.0.1 at 2010-04-15 19:45:21) [GET]
  [4;35;1mTodoItem Load (3.0ms)[0m   [0mSELECT * FROM "todo_items" ORDER BY created_at desc[0m
Rendering template within layouts/application
Rendering todo_items/index
Rendered todo_items/_todo_item (11.0ms)
Rendered todo_items/_todo_item (13.0ms)
Rendered todo_items/_todo_item (12.0ms)
Rendered todo_items/_todo_item (9.0ms)
Rendered todo_items/_todo_item (11.0ms)
Completed in 170ms (View: 103, DB: 3) | 200 OK [http://localhost/]


Processing TodoItemsController#destroy (for 127.0.0.1 at 2010-04-15 19:45:28) [DELETE]
  Parameters: {"authenticity_token"=>"nxcTG+XvI0oM8XH5nIIeN7/5q3kfJ2500z/EcoU9ctc=", "id"=>"1"}
  [4;36;1mTodoItem Delete all (163.0ms)[0m   [0;1mDELETE FROM "todo_items" WHERE ("id" IN ('1')) [0m

ActionView::MissingTemplate (Missing template todo_items/destroy.erb in view path app/views):
  

Rendering rescues/layout (internal_server_error)


Processing TodoItemsController#index (for 127.0.0.1 at 2010-04-15 19:45:48) [GET]
  [4;35;1mTodoItem Load (3.0ms)[0m   [0mSELECT * FROM "todo_items" ORDER BY created_at desc[0m
Rendering template within layouts/application
Rendering todo_items/index
Rendered todo_items/_todo_item (12.0ms)
Rendered todo_items/_todo_item (12.0ms)
Rendered todo_items/_todo_item (8.0ms)
Rendered todo_items/_todo_item (12.0ms)
Completed in 136ms (View: 71, DB: 3) | 200 OK [http://localhost/]


Processing TodoItemsController#destroy (for 127.0.0.1 at 2010-04-15 19:45:53) [DELETE]
  Parameters: {"authenticity_token"=>"nxcTG+XvI0oM8XH5nIIeN7/5q3kfJ2500z/EcoU9ctc=", "id"=>"2"}
  [4;36;1mTodoItem Delete all (208.0ms)[0m   [0;1mDELETE FROM "todo_items" WHERE ("id" IN ('2')) [0m
Redirected to http://localhost:3000/
Completed in 267ms (DB: 208) | 302 Found [http://localhost/todo_items/2]


Processing TodoItemsController#index (for 127.0.0.1 at 2010-04-15 19:45:55) [GET]
  [4;35;1mTodoItem Load (2.0ms)[0m   [0mSELECT * FROM "todo_items" ORDER BY created_at desc[0m
Rendering template within layouts/application
Rendering todo_items/index
Rendered todo_items/_todo_item (7.0ms)
Rendered todo_items/_todo_item (12.0ms)
Rendered todo_items/_todo_item (203.0ms)
Completed in 318ms (View: 251, DB: 2) | 200 OK [http://localhost/]


Processing TodoItemsController#index (for 127.0.0.1 at 2010-04-15 19:48:57) [GET]
  [4;36;1mTodoItem Load (2.0ms)[0m   [0;1mSELECT * FROM "todo_items" ORDER BY created_at desc[0m
Rendering template within layouts/application
Rendering todo_items/index
Rendered todo_items/_todo_item (16.0ms)
Rendered todo_items/_todo_item (11.0ms)
Rendered todo_items/_todo_item (11.0ms)
Completed in 157ms (View: 95, DB: 2) | 200 OK [http://localhost/]


Processing TodoItemsController#index (for 127.0.0.1 at 2010-04-15 19:54:39) [GET]
  [4;35;1mTodoItem Load (2.0ms)[0m   [0mSELECT * FROM "todo_items" ORDER BY created_at desc[0m
Rendering template within layouts/application
Rendering todo_items/index
Rendered todo_items/_todo_item (17.0ms)
Rendered todo_items/_todo_item (11.0ms)
Rendered todo_items/_todo_item (13.0ms)
Completed in 153ms (View: 93, DB: 2) | 200 OK [http://localhost/]


Processing TodoItemsController#index (for 127.0.0.1 at 2010-04-15 19:54:57) [GET]
  [4;36;1mTodoItem Load (1.0ms)[0m   [0;1mSELECT * FROM "todo_items" ORDER BY created_at desc[0m
Rendering template within layouts/application
Rendering todo_items/index
Rendered todo_items/_todo_item (13.0ms)
Rendered todo_items/_todo_item (13.0ms)
Rendered todo_items/_todo_item (10.0ms)
Completed in 135ms (View: 77, DB: 1) | 200 OK [http://localhost/]


Processing TodoItemsController#index (for 127.0.0.1 at 2010-04-15 20:04:38) [GET]
  [4;35;1mTodoItem Load (2.0ms)[0m   [0mSELECT * FROM "todo_items" ORDER BY created_at desc[0m
Rendering template within layouts/application
Rendering todo_items/index

ActionView::TemplateError (wrong number of arguments (1 for 2)) on line #6 of app/views/todo_items/_todo_item.html.erb:
3: <%else%>
4: <li class="outstanding">
5: <%end%>
6: 	<%= check_box :done %>
7: 	<%= todo_item.title %> 
8: 	<%= link_to "[Delete]", todo_item, :method => :delete, 
9: 			:confirm => "Are you sure you want to delete this item?" %>	

    app/views/todo_items/_todo_item.html.erb:6:in `check_box'
    app/views/todo_items/_todo_item.html.erb:6
    app/views/todo_items/index.html.erb:11

Rendered rescues/_trace (209.0ms)
Rendered rescues/_request_and_response (1.0ms)
Rendering rescues/layout (internal_server_error)


Processing TodoItemsController#index (for 127.0.0.1 at 2010-04-15 20:04:52) [GET]
  [4;36;1mTodoItem Load (2.0ms)[0m   [0;1mSELECT * FROM "todo_items" ORDER BY created_at desc[0m
Rendering template within layouts/application
Rendering todo_items/index
Rendered todo_items/_todo_item (17.0ms)
Rendered todo_items/_todo_item (14.0ms)
Rendered todo_items/_todo_item (12.0ms)
Completed in 148ms (View: 81, DB: 2) | 200 OK [http://localhost/]


Processing TodoItemsController#index (for 127.0.0.1 at 2010-04-15 20:05:15) [GET]
  [4;35;1mTodoItem Load (2.0ms)[0m   [0mSELECT * FROM "todo_items" ORDER BY created_at desc[0m
Rendering template within layouts/application
Rendering todo_items/index
Rendered todo_items/_todo_item (16.0ms)
Rendered todo_items/_todo_item (11.0ms)
Rendered todo_items/_todo_item (17.0ms)
Completed in 124ms (View: 64, DB: 2) | 200 OK [http://localhost/]


Processing TodoItemsController#index (for 127.0.0.1 at 2010-04-15 20:06:41) [GET]
  [4;36;1mTodoItem Load (2.0ms)[0m   [0;1mSELECT * FROM "todo_items" ORDER BY created_at desc[0m
Rendering template within layouts/application
Rendering todo_items/index

ActionView::TemplateError (wrong number of arguments (1 for 0)) on line #7 of app/views/todo_items/_todo_item.html.erb:
4: <li class="outstanding">
5: <%end%>
6: 	<%= check_box "Done", :done %>
7: 	<%= todo_item.title :onclick => "alert('clicked');" %> 
8: 	<%= link_to "[Delete]", todo_item, :method => :delete, 
9: 			:confirm => "Are you sure you want to delete this item?" %>	
10: </li>

    app/views/todo_items/_todo_item.html.erb:7:in `title'
    app/views/todo_items/_todo_item.html.erb:7
    app/views/todo_items/index.html.erb:11

Rendered rescues/_trace (218.0ms)
Rendered rescues/_request_and_response (1.0ms)
Rendering rescues/layout (internal_server_error)


Processing TodoItemsController#index (for 127.0.0.1 at 2010-04-15 20:07:00) [GET]
  [4;35;1mTodoItem Load (1.0ms)[0m   [0mSELECT * FROM "todo_items" ORDER BY created_at desc[0m
Rendering template within layouts/application
Rendering todo_items/index
Rendered todo_items/_todo_item (15.0ms)
Rendered todo_items/_todo_item (16.0ms)
Rendered todo_items/_todo_item (10.0ms)
Completed in 139ms (View: 76, DB: 1) | 200 OK [http://localhost/]


Processing TodoItemsController#index (for 127.0.0.1 at 2010-04-15 20:10:36) [GET]
  [4;36;1mTodoItem Load (4.0ms)[0m   [0;1mSELECT * FROM "todo_items" ORDER BY created_at desc[0m
Rendering template within layouts/application
Rendering todo_items/index
Rendered todo_items/_todo_item (22.0ms)
Rendered todo_items/_todo_item (18.0ms)
Rendered todo_items/_todo_item (14.0ms)
Completed in 177ms (View: 100, DB: 4) | 200 OK [http://localhost/]


Processing TodoItemsController#index (for 127.0.0.1 at 2010-04-15 20:12:38) [GET]
  [4;35;1mTodoItem Load (2.0ms)[0m   [0mSELECT * FROM "todo_items" ORDER BY created_at desc[0m
Rendering template within layouts/application
Rendering todo_items/index
Rendered todo_items/_todo_item (24.0ms)
Rendered todo_items/_todo_item (17.0ms)
Rendered todo_items/_todo_item (16.0ms)
Completed in 173ms (View: 103, DB: 2) | 200 OK [http://localhost/]


Processing TodoItemsController#index (for 127.0.0.1 at 2010-04-15 20:12:43) [GET]
  [4;36;1mTodoItem Load (2.0ms)[0m   [0;1mSELECT * FROM "todo_items" ORDER BY created_at desc[0m
Rendering template within layouts/application
Rendering todo_items/index
Rendered todo_items/_todo_item (22.0ms)
Rendered todo_items/_todo_item (14.0ms)
Rendered todo_items/_todo_item (15.0ms)
Completed in 155ms (View: 81, DB: 2) | 200 OK [http://localhost/]


Processing TodoItemsController#index (for 127.0.0.1 at 2010-04-15 20:13:36) [GET]
  [4;35;1mTodoItem Load (2.0ms)[0m   [0mSELECT * FROM "todo_items" ORDER BY created_at desc[0m
Rendering template within layouts/application
Rendering todo_items/index
Rendered todo_items/_todo_item (15.0ms)
Rendered todo_items/_todo_item (19.0ms)
Rendered todo_items/_todo_item (17.0ms)
Completed in 185ms (View: 108, DB: 2) | 200 OK [http://localhost/]


Processing TodoItemsController#index (for 127.0.0.1 at 2010-04-15 20:13:40) [GET]
  [4;36;1mTodoItem Load (3.0ms)[0m   [0;1mSELECT * FROM "todo_items" ORDER BY created_at desc[0m
Rendering template within layouts/application
Rendering todo_items/index
Rendered todo_items/_todo_item (19.0ms)
Rendered todo_items/_todo_item (19.0ms)
Rendered todo_items/_todo_item (19.0ms)
Completed in 174ms (View: 91, DB: 3) | 200 OK [http://localhost/]


Processing TodoItemsController#index (for 127.0.0.1 at 2010-04-15 20:15:00) [GET]
  [4;35;1mTodoItem Load (3.0ms)[0m   [0mSELECT * FROM "todo_items" ORDER BY created_at desc[0m
Rendering template within layouts/application
Rendering todo_items/index

ActionView::TemplateError (can't convert Fixnum into String) on line #12 of app/views/todo_items/_todo_item.html.erb:
9: 			:confirm => "Are you sure you want to delete this item?" %>	
10: </li>
11: 	<%= observe_field "item#{todo_item.id}",
12: 		:frequency => 1, :update => :mark_done, :with => 'id=' + todo_item.id %>

    app/views/todo_items/_todo_item.html.erb:12
    app/views/todo_items/index.html.erb:11

Rendered rescues/_trace (243.0ms)
Rendered rescues/_request_and_response (1.0ms)
Rendering rescues/layout (internal_server_error)


Processing TodoItemsController#index (for 127.0.0.1 at 2010-04-15 20:15:09) [GET]
  [4;36;1mTodoItem Load (3.0ms)[0m   [0;1mSELECT * FROM "todo_items" ORDER BY created_at desc[0m
Rendering template within layouts/application
Rendering todo_items/index

ActionView::TemplateError (can't convert Fixnum into String) on line #12 of app/views/todo_items/_todo_item.html.erb:
9: 			:confirm => "Are you sure you want to delete this item?" %>	
10: </li>
11: 	<%= observe_field "item#{todo_item.id}",
12: 		:frequency => 1, :update => :mark_done, :with => 'id=' + todo_item.id %>

    app/views/todo_items/_todo_item.html.erb:12
    app/views/todo_items/index.html.erb:11

Rendered rescues/_trace (300.0ms)
Rendered rescues/_request_and_response (1.0ms)
Rendering rescues/layout (internal_server_error)


Processing TodoItemsController#index (for 127.0.0.1 at 2010-04-15 20:15:24) [GET]
  [4;35;1mTodoItem Load (3.0ms)[0m   [0mSELECT * FROM "todo_items" ORDER BY created_at desc[0m
Rendering template within layouts/application
Rendering todo_items/index
Rendered todo_items/_todo_item (20.0ms)
Rendered todo_items/_todo_item (16.0ms)
Rendered todo_items/_todo_item (18.0ms)
Completed in 161ms (View: 99, DB: 3) | 200 OK [http://localhost/]


Processing TodoItemsController#index (for 127.0.0.1 at 2010-04-15 20:15:30) [GET]
  [4;36;1mTodoItem Load (2.0ms)[0m   [0;1mSELECT * FROM "todo_items" ORDER BY created_at desc[0m
Rendering template within layouts/application
Rendering todo_items/index
Rendered todo_items/_todo_item (17.0ms)
Rendered todo_items/_todo_item (12.0ms)
Rendered todo_items/_todo_item (18.0ms)
Completed in 136ms (View: 73, DB: 2) | 200 OK [http://localhost/]


Processing TodoItemsController#create (for 127.0.0.1 at 2010-04-15 20:16:02) [POST]
  Parameters: {"authenticity_token"=>"nxcTG+XvI0oM8XH5nIIeN7/5q3kfJ2500z/EcoU9ctc=", "_"=>"", "5"=>nil}
  [4;35;1mTodoItem Load (2.0ms)[0m   [0mSELECT * FROM "todo_items" ORDER BY created_at desc[0m
Rendering template within layouts/application
Rendering todo_items/index
Rendered todo_items/_todo_item (15.0ms)
Rendered todo_items/_todo_item (11.0ms)
Rendered todo_items/_todo_item (12.0ms)
Completed in 129ms (View: 71, DB: 2) | 200 OK [http://localhost/todo_items]


Processing TodoItemsController#create (for 127.0.0.1 at 2010-04-15 20:16:19) [POST]
  Parameters: {"authenticity_token"=>"nxcTG+XvI0oM8XH5nIIeN7/5q3kfJ2500z/EcoU9ctc=", "4"=>nil, "_"=>""}
  [4;36;1mTodoItem Load (2.0ms)[0m   [0;1mSELECT * FROM "todo_items" ORDER BY created_at desc[0m
Rendering template within layouts/application
Rendering todo_items/index
Rendered todo_items/_todo_item (11.0ms)
Rendered todo_items/_todo_item (11.0ms)
Rendered todo_items/_todo_item (10.0ms)
Completed in 114ms (View: 63, DB: 2) | 200 OK [http://localhost/todo_items]


Processing TodoItemsController#create (for 127.0.0.1 at 2010-04-15 20:16:24) [POST]
  Parameters: {"authenticity_token"=>"nxcTG+XvI0oM8XH5nIIeN7/5q3kfJ2500z/EcoU9ctc=", "3"=>nil, "_"=>""}
  [4;35;1mTodoItem Load (2.0ms)[0m   [0mSELECT * FROM "todo_items" ORDER BY created_at desc[0m
Rendering template within layouts/application
Rendering todo_items/index
Rendered todo_items/_todo_item (12.0ms)
Rendered todo_items/_todo_item (11.0ms)
Rendered todo_items/_todo_item (12.0ms)
Completed in 121ms (View: 69, DB: 2) | 200 OK [http://localhost/todo_items]


Processing TodoItemsController#index (for 127.0.0.1 at 2010-04-15 20:18:25) [GET]
  [4;36;1mTodoItem Load (2.0ms)[0m   [0;1mSELECT * FROM "todo_items" ORDER BY created_at desc[0m
Rendering template within layouts/application
Rendering todo_items/index
Rendered todo_items/_todo_item (22.0ms)
Rendered todo_items/_todo_item (21.0ms)
Rendered todo_items/_todo_item (14.0ms)
Completed in 193ms (View: 125, DB: 2) | 200 OK [http://localhost/]


Processing TodoItemsController#index (for 127.0.0.1 at 2010-04-15 20:18:38) [GET]
  [4;35;1mTodoItem Load (2.0ms)[0m   [0mSELECT * FROM "todo_items" ORDER BY created_at desc[0m
Rendering template within layouts/application
Rendering todo_items/index
Rendered todo_items/_todo_item (22.0ms)
Rendered todo_items/_todo_item (21.0ms)
Rendered todo_items/_todo_item (23.0ms)
Completed in 179ms (View: 104, DB: 2) | 200 OK [http://localhost/]


Processing TodoItemsController#index (for 127.0.0.1 at 2010-04-15 20:18:42) [GET]
  [4;36;1mTodoItem Load (1.0ms)[0m   [0;1mSELECT * FROM "todo_items" ORDER BY created_at desc[0m
Rendering template within layouts/application
Rendering todo_items/index
Rendered todo_items/_todo_item (19.0ms)
Rendered todo_items/_todo_item (15.0ms)
Rendered todo_items/_todo_item (20.0ms)
Completed in 154ms (View: 87, DB: 1) | 200 OK [http://localhost/]


Processing TodoItemsController#index (for 127.0.0.1 at 2010-04-15 20:18:48) [GET]
  [4;35;1mTodoItem Load (2.0ms)[0m   [0mSELECT * FROM "todo_items" ORDER BY created_at desc[0m
Rendering template within layouts/application
Rendering todo_items/index
Rendered todo_items/_todo_item (22.0ms)
Rendered todo_items/_todo_item (16.0ms)
Rendered todo_items/_todo_item (14.0ms)
Completed in 163ms (View: 96, DB: 2) | 200 OK [http://localhost/]


Processing TodoItemsController#index (for 127.0.0.1 at 2010-04-15 20:19:00) [GET]
  [4;36;1mTodoItem Load (2.0ms)[0m   [0;1mSELECT * FROM "todo_items" ORDER BY created_at desc[0m
Rendering template within layouts/application
Rendering todo_items/index
Rendered todo_items/_todo_item (27.0ms)
Rendered todo_items/_todo_item (13.0ms)
Rendered todo_items/_todo_item (18.0ms)
Completed in 167ms (View: 100, DB: 2) | 200 OK [http://localhost/]


Processing TodoItemsController#index (for 127.0.0.1 at 2010-04-15 20:29:18) [GET]
  [4;35;1mTodoItem Load (2.0ms)[0m   [0mSELECT * FROM "todo_items" ORDER BY created_at desc[0m
Rendering template within layouts/application
Rendering todo_items/index

ActionView::TemplateError (undefined local variable or method `todo_item_done' for #<ActionView::Base:0x7f006458>) on line #12 of app/views/todo_items/_todo_item.html.erb:
9: 	<% if todo_item.done? %>
10: 		<%= link_to "[Undo]", todo_item_undo %>
11: 	<% else %>
12: 		<%= link_to "[Done]", todo_item_done %>
13: 	<% end %>
14: </li>

    app/views/todo_items/_todo_item.html.erb:12
    app/views/todo_items/index.html.erb:11

Rendered rescues/_trace (300.0ms)
Rendered rescues/_request_and_response (1.0ms)
Rendering rescues/layout (internal_server_error)


Processing TodoItemsController#index (for 127.0.0.1 at 2010-04-15 20:29:25) [GET]
  [4;36;1mTodoItem Load (2.0ms)[0m   [0;1mSELECT * FROM "todo_items" ORDER BY created_at desc[0m
Rendering template within layouts/application
Rendering todo_items/index

ActionView::TemplateError (undefined local variable or method `todo_item_done' for #<ActionView::Base:0x7f1f7500>) on line #12 of app/views/todo_items/_todo_item.html.erb:
9: 	<% if todo_item.done? %>
10: 		<%= link_to "[Undo]", todo_item_undo %>
11: 	<% else %>
12: 		<%= link_to "[Done]", todo_item_done %>
13: 	<% end %>
14: </li>

    app/views/todo_items/_todo_item.html.erb:12
    app/views/todo_items/index.html.erb:11

Rendered rescues/_trace (231.0ms)
Rendered rescues/_request_and_response (2.0ms)
Rendering rescues/layout (internal_server_error)


Processing TodoItemsController#index (for 127.0.0.1 at 2010-04-15 20:30:55) [GET]
  [4;35;1mTodoItem Load (2.0ms)[0m   [0mSELECT * FROM "todo_items" ORDER BY created_at desc[0m
Rendering template within layouts/application
Rendering todo_items/index

ActionView::TemplateError (undefined local variable or method `todo_item_done_path' for #<ActionView::Base:0x7f33b240>) on line #12 of app/views/todo_items/_todo_item.html.erb:
9: 	<% if todo_item.done? %>
10: 		<%= link_to "[Undo]", todo_item_undo_path %>
11: 	<% else %>
12: 		<%= link_to "[Done]", todo_item_done_path %>
13: 	<% end %>
14: </li>

    app/views/todo_items/_todo_item.html.erb:12
    app/views/todo_items/index.html.erb:11

Rendered rescues/_trace (293.0ms)
Rendered rescues/_request_and_response (1.0ms)
Rendering rescues/layout (internal_server_error)


Processing TodoItemsController#index (for 127.0.0.1 at 2010-04-15 20:32:09) [GET]
  [4;36;1mTodoItem Load (2.0ms)[0m   [0;1mSELECT * FROM "todo_items" ORDER BY created_at desc[0m
Rendering template within layouts/application
Rendering todo_items/index

ActionView::TemplateError (undefined local variable or method `todo_item_done_path' for #<ActionView::Base:0x7f19623c>) on line #12 of app/views/todo_items/_todo_item.html.erb:
9: 	<% if todo_item.done? %>
10: 		<%= link_to "[Undo]", undo_todo_item_path(todo_item) %>
11: 	<% else %>
12: 		<%= link_to "[Done]", todo_item_done_path %>
13: 	<% end %>
14: </li>

    app/views/todo_items/_todo_item.html.erb:12
    app/views/todo_items/index.html.erb:11

Rendered rescues/_trace (443.0ms)
Rendered rescues/_request_and_response (1.0ms)
Rendering rescues/layout (internal_server_error)


Processing TodoItemsController#index (for 127.0.0.1 at 2010-04-15 20:32:33) [GET]
  [4;35;1mTodoItem Load (2.0ms)[0m   [0mSELECT * FROM "todo_items" ORDER BY created_at desc[0m
Rendering template within layouts/application
Rendering todo_items/index
Rendered todo_items/_todo_item (24.0ms)
Rendered todo_items/_todo_item (17.0ms)
Rendered todo_items/_todo_item (13.0ms)
Completed in 187ms (View: 100, DB: 2) | 200 OK [http://localhost/]


Processing TodoItemsController#4 (for 127.0.0.1 at 2010-04-15 20:32:39) [GET]
  Parameters: {"id"=>"done"}

ActionController::UnknownAction (No action responded to 4. Actions: create, destroy, done, index, and undo):
  

Rendering rescues/layout (not_found)


Processing TodoItemsController#4 (for 127.0.0.1 at 2010-04-15 20:36:00) [GET]
  Parameters: {"id"=>"done"}

ActionController::UnknownAction (No action responded to 4. Actions: create, destroy, done, index, and undo):
  

Rendering rescues/layout (not_found)


Processing TodoItemsController#index (for 127.0.0.1 at 2010-04-15 20:36:21) [GET]
  [4;36;1mTodoItem Load (3.0ms)[0m   [0;1mSELECT * FROM "todo_items" ORDER BY created_at desc[0m
Rendering template within layouts/application
Rendering todo_items/index
Rendered todo_items/_todo_item (19.0ms)
Rendered todo_items/_todo_item (17.0ms)
Rendered todo_items/_todo_item (18.0ms)
Completed in 165ms (View: 87, DB: 3) | 200 OK [http://localhost/]


Processing TodoItemsController#4 (for 127.0.0.1 at 2010-04-15 20:36:25) [GET]
  Parameters: {"id"=>"done"}

ActionController::UnknownAction (No action responded to 4. Actions: create, destroy, done, index, and undo):
  

Rendering rescues/layout (not_found)


Processing TodoItemsController#4 (for 127.0.0.1 at 2010-04-15 20:39:04) [GET]
  Parameters: {"id"=>"done"}

ActionController::UnknownAction (No action responded to 4. Actions: create, destroy, done, index, and undo):
  

Rendering rescues/layout (not_found)


Processing TodoItemsController#4 (for 127.0.0.1 at 2010-04-15 20:39:11) [GET]
  Parameters: {"id"=>"done"}

ActionController::UnknownAction (No action responded to 4. Actions: create, destroy, done, index, and undo):
  

Rendering rescues/layout (not_found)


Processing TodoItemsController#4 (for 127.0.0.1 at 2010-04-15 20:40:22) [GET]
  Parameters: {"id"=>"done"}

ActionController::UnknownAction (No action responded to 4. Actions: create, destroy, done, index, and undo):
  

Rendering rescues/layout (not_found)


Processing TodoItemsController#index (for 127.0.0.1 at 2010-04-15 20:40:23) [GET]
  [4;36;1mTodoItem Load (3.0ms)[0m   [0;1mSELECT * FROM "todo_items" ORDER BY created_at desc[0m
Rendering template within layouts/application
Rendering todo_items/index
Rendered todo_items/_todo_item (45.0ms)
Rendered todo_items/_todo_item (28.0ms)
Rendered todo_items/_todo_item (25.0ms)
Completed in 983ms (View: 895, DB: 3) | 200 OK [http://localhost/]


Processing TodoItemsController#index (for 127.0.0.1 at 2010-04-15 20:40:25) [GET]
  [4;35;1mTodoItem Load (3.0ms)[0m   [0mSELECT * FROM "todo_items" ORDER BY created_at desc[0m
Rendering template within layouts/application
Rendering todo_items/index
Rendered todo_items/_todo_item (20.0ms)
Rendered todo_items/_todo_item (25.0ms)
Rendered todo_items/_todo_item (34.0ms)
Completed in 189ms (View: 110, DB: 3) | 200 OK [http://localhost/]


Processing TodoItemsController#index (for 127.0.0.1 at 2010-04-15 20:40:27) [GET]
  [4;36;1mTodoItem Load (3.0ms)[0m   [0;1mSELECT * FROM "todo_items" ORDER BY created_at desc[0m
Rendering template within layouts/application
Rendering todo_items/index
Rendered todo_items/_todo_item (28.0ms)
Rendered todo_items/_todo_item (25.0ms)
Rendered todo_items/_todo_item (24.0ms)
Completed in 215ms (View: 120, DB: 3) | 200 OK [http://localhost/]


Processing TodoItemsController#done (for 127.0.0.1 at 2010-04-15 20:40:31) [PUT]
  Parameters: {"authenticity_token"=>"nxcTG+XvI0oM8XH5nIIeN7/5q3kfJ2500z/EcoU9ctc=", "id"=>"4"}
  [4;35;1mTodoItem Load (1.0ms)[0m   [0mSELECT * FROM "todo_items" WHERE ("todo_items"."id" = 4) [0m
  [4;36;1mTodoItem Update (7.0ms)[0m   [0;1mUPDATE "todo_items" SET "updated_at" = '2010-04-15 10:40:31', "done" = 't' WHERE "id" = 4[0m
Redirected to http://localhost:3000/
Completed in 309ms (DB: 8) | 302 Found [http://localhost/todo_items/4/done]


Processing TodoItemsController#index (for 127.0.0.1 at 2010-04-15 20:40:34) [GET]
  [4;35;1mTodoItem Load (2.0ms)[0m   [0mSELECT * FROM "todo_items" ORDER BY created_at desc[0m
Rendering template within layouts/application
Rendering todo_items/index
Rendered todo_items/_todo_item (23.0ms)
Rendered todo_items/_todo_item (26.0ms)
Rendered todo_items/_todo_item (27.0ms)
Completed in 360ms (View: 108, DB: 2) | 200 OK [http://localhost/]


Processing TodoItemsController#undo (for 127.0.0.1 at 2010-04-15 20:40:38) [PUT]
  Parameters: {"authenticity_token"=>"nxcTG+XvI0oM8XH5nIIeN7/5q3kfJ2500z/EcoU9ctc=", "id"=>"4"}
  [4;36;1mTodoItem Load (2.0ms)[0m   [0;1mSELECT * FROM "todo_items" WHERE ("todo_items"."id" = 4) [0m
  [4;35;1mTodoItem Update (5.0ms)[0m   [0mUPDATE "todo_items" SET "updated_at" = '2010-04-15 10:40:38', "done" = 'f' WHERE "id" = 4[0m
Redirected to http://localhost:3000/
Completed in 249ms (DB: 7) | 302 Found [http://localhost/todo_items/4/undo]


Processing TodoItemsController#index (for 127.0.0.1 at 2010-04-15 20:40:40) [GET]
  [4;36;1mTodoItem Load (2.0ms)[0m   [0;1mSELECT * FROM "todo_items" ORDER BY created_at desc[0m
Rendering template within layouts/application
Rendering todo_items/index
Rendered todo_items/_todo_item (23.0ms)
Rendered todo_items/_todo_item (23.0ms)
Rendered todo_items/_todo_item (26.0ms)
Completed in 171ms (View: 101, DB: 2) | 200 OK [http://localhost/]


Processing ApplicationController#done (for 127.0.0.1 at 2010-04-15 20:43:47) [PUT]
  Parameters: {"authenticity_token"=>"nxcTG+XvI0oM8XH5nIIeN7/5q3kfJ2500z/EcoU9ctc=", "id"=>"4"}

SyntaxError (/cygdrive/c/Users/Gareth/sites/todo/app/controllers/todo_items_controller.rb:2: syntax error, unexpected ':', expecting kEND
	:before_filter :find_item, :only => [:done, :undo]
	                ^
/cygdrive/c/Users/Gareth/sites/todo/app/controllers/todo_items_controller.rb:2: syntax error, unexpected tASSOC, expecting tCOLON2 or '[' or '.'
	:before_filter :find_item, :only => [:done, :undo]
	                                   ^):
  

Rendered rescues/_trace (148.0ms)
Rendered rescues/_request_and_response (4.0ms)
Rendering rescues/layout (internal_server_error)


Processing TodoItemsController#done (for 127.0.0.1 at 2010-04-15 20:44:27) [PUT]
  Parameters: {"authenticity_token"=>"nxcTG+XvI0oM8XH5nIIeN7/5q3kfJ2500z/EcoU9ctc=", "id"=>"4"}
  [4;35;1mTodoItem Load (1.0ms)[0m   [0mSELECT * FROM "todo_items" WHERE ("todo_items"."id" = 4) [0m
  [4;36;1mTodoItem Update (18.0ms)[0m   [0;1mUPDATE "todo_items" SET "updated_at" = '2010-04-15 10:44:27', "done" = 't' WHERE "id" = 4[0m
Redirected to http://localhost:3000/
Completed in 246ms (DB: 19) | 302 Found [http://localhost/todo_items/4/done]


Processing TodoItemsController#index (for 127.0.0.1 at 2010-04-15 20:44:28) [GET]
  [4;35;1mTodoItem Load (2.0ms)[0m   [0mSELECT * FROM "todo_items" ORDER BY created_at desc[0m
Rendering template within layouts/application
Rendering todo_items/index
Rendered todo_items/_todo_item (26.0ms)
Rendered todo_items/_todo_item (16.0ms)
Rendered todo_items/_todo_item (26.0ms)
Completed in 175ms (View: 105, DB: 2) | 200 OK [http://localhost/]


Processing TodoItemsController#undo (for 127.0.0.1 at 2010-04-15 20:44:33) [PUT]
  Parameters: {"authenticity_token"=>"nxcTG+XvI0oM8XH5nIIeN7/5q3kfJ2500z/EcoU9ctc=", "id"=>"4"}
  [4;36;1mTodoItem Load (1.0ms)[0m   [0;1mSELECT * FROM "todo_items" WHERE ("todo_items"."id" = 4) [0m
  [4;35;1mTodoItem Update (6.0ms)[0m   [0mUPDATE "todo_items" SET "updated_at" = '2010-04-15 10:44:33', "done" = 'f' WHERE "id" = 4[0m
Redirected to http://localhost:3000/
Completed in 226ms (DB: 7) | 302 Found [http://localhost/todo_items/4/undo]


Processing TodoItemsController#index (for 127.0.0.1 at 2010-04-15 20:44:35) [GET]
  [4;36;1mTodoItem Load (2.0ms)[0m   [0;1mSELECT * FROM "todo_items" ORDER BY created_at desc[0m
Rendering template within layouts/application
Rendering todo_items/index
Rendered todo_items/_todo_item (23.0ms)
Rendered todo_items/_todo_item (23.0ms)
Rendered todo_items/_todo_item (19.0ms)
Completed in 166ms (View: 95, DB: 2) | 200 OK [http://localhost/]


Processing TodoItemsController#done (for 127.0.0.1 at 2010-04-15 20:45:40) [PUT]
  Parameters: {"authenticity_token"=>"nxcTG+XvI0oM8XH5nIIeN7/5q3kfJ2500z/EcoU9ctc=", "id"=>"5"}
  [4;35;1mTodoItem Load (2.0ms)[0m   [0mSELECT * FROM "todo_items" WHERE ("todo_items"."id" = 5) [0m
Redirected to http://localhost:3000/
Filter chain halted as [:save_item] rendered_or_redirected.
Completed in 70ms (DB: 2) | 302 Found [http://localhost/todo_items/5/done]


Processing TodoItemsController#index (for 127.0.0.1 at 2010-04-15 20:45:42) [GET]
  [4;36;1mTodoItem Load (2.0ms)[0m   [0;1mSELECT * FROM "todo_items" ORDER BY created_at desc[0m
Rendering template within layouts/application
Rendering todo_items/index
Rendered todo_items/_todo_item (25.0ms)
Rendered todo_items/_todo_item (26.0ms)
Rendered todo_items/_todo_item (26.0ms)
Completed in 177ms (View: 108, DB: 2) | 200 OK [http://localhost/]


Processing TodoItemsController#done (for 127.0.0.1 at 2010-04-15 20:45:46) [PUT]
  Parameters: {"authenticity_token"=>"nxcTG+XvI0oM8XH5nIIeN7/5q3kfJ2500z/EcoU9ctc=", "id"=>"5"}
  [4;35;1mTodoItem Load (2.0ms)[0m   [0mSELECT * FROM "todo_items" WHERE ("todo_items"."id" = 5) [0m
Redirected to http://localhost:3000/
Filter chain halted as [:save_item] rendered_or_redirected.
Completed in 72ms (DB: 2) | 302 Found [http://localhost/todo_items/5/done]


Processing TodoItemsController#index (for 127.0.0.1 at 2010-04-15 20:45:48) [GET]
  [4;36;1mTodoItem Load (4.0ms)[0m   [0;1mSELECT * FROM "todo_items" ORDER BY created_at desc[0m
Rendering template within layouts/application
Rendering todo_items/index
Rendered todo_items/_todo_item (26.0ms)
Rendered todo_items/_todo_item (26.0ms)
Rendered todo_items/_todo_item (31.0ms)
Completed in 178ms (View: 114, DB: 4) | 200 OK [http://localhost/]


Processing TodoItemsController#done (for 127.0.0.1 at 2010-04-15 20:45:59) [PUT]
  Parameters: {"authenticity_token"=>"nxcTG+XvI0oM8XH5nIIeN7/5q3kfJ2500z/EcoU9ctc=", "id"=>"4"}
  [4;35;1mTodoItem Load (1.0ms)[0m   [0mSELECT * FROM "todo_items" WHERE ("todo_items"."id" = 4) [0m

ActionView::MissingTemplate (Missing template todo_items/done.erb in view path app/views):
  

Rendering rescues/layout (internal_server_error)


Processing TodoItemsController#done (for 127.0.0.1 at 2010-04-15 20:46:56) [PUT]
  Parameters: {"authenticity_token"=>"nxcTG+XvI0oM8XH5nIIeN7/5q3kfJ2500z/EcoU9ctc=", "id"=>"4"}
  [4;36;1mTodoItem Load (2.0ms)[0m   [0;1mSELECT * FROM "todo_items" WHERE ("todo_items"."id" = 4) [0m

ActionView::MissingTemplate (Missing template todo_items/done.erb in view path app/views):
  app/controllers/todo_items_controller.rb:36:in `update_item'

Rendering rescues/layout (internal_server_error)


Processing TodoItemsController#index (for 127.0.0.1 at 2010-04-15 20:47:00) [GET]
  [4;35;1mTodoItem Load (3.0ms)[0m   [0mSELECT * FROM "todo_items" ORDER BY created_at desc[0m
Rendering template within layouts/application
Rendering todo_items/index
Rendered todo_items/_todo_item (31.0ms)
Rendered todo_items/_todo_item (28.0ms)
Rendered todo_items/_todo_item (28.0ms)
Completed in 304ms (View: 121, DB: 3) | 200 OK [http://localhost/]


Processing TodoItemsController#done (for 127.0.0.1 at 2010-04-15 20:47:03) [PUT]
  Parameters: {"authenticity_token"=>"nxcTG+XvI0oM8XH5nIIeN7/5q3kfJ2500z/EcoU9ctc=", "id"=>"4"}
  [4;36;1mTodoItem Load (1.0ms)[0m   [0;1mSELECT * FROM "todo_items" WHERE ("todo_items"."id" = 4) [0m

ActionView::MissingTemplate (Missing template todo_items/done.erb in view path app/views):
  app/controllers/todo_items_controller.rb:36:in `update_item'

Rendering rescues/layout (internal_server_error)


Processing TodoItemsController#index (for 127.0.0.1 at 2010-04-15 20:48:21) [GET]
  [4;35;1mTodoItem Load (2.0ms)[0m   [0mSELECT * FROM "todo_items" ORDER BY created_at desc[0m
Rendering template within layouts/application
Rendering todo_items/index
Rendered todo_items/_todo_item (22.0ms)
Rendered todo_items/_todo_item (19.0ms)
Rendered todo_items/_todo_item (28.0ms)
Completed in 168ms (View: 101, DB: 2) | 200 OK [http://localhost/]


Processing TodoItemsController#done (for 127.0.0.1 at 2010-04-15 20:48:32) [PUT]
  Parameters: {"authenticity_token"=>"nxcTG+XvI0oM8XH5nIIeN7/5q3kfJ2500z/EcoU9ctc=", "id"=>"3"}
  [4;36;1mTodoItem Load (2.0ms)[0m   [0;1mSELECT * FROM "todo_items" WHERE ("todo_items"."id" = 3) [0m
  [4;35;1mTodoItem Update (5.0ms)[0m   [0mUPDATE "todo_items" SET "updated_at" = '2010-04-15 10:48:32', "done" = 't' WHERE "id" = 3[0m
Redirected to http://localhost:3000/
Completed in 238ms (DB: 7) | 302 Found [http://localhost/todo_items/3/done]


Processing TodoItemsController#index (for 127.0.0.1 at 2010-04-15 20:48:34) [GET]
  [4;36;1mTodoItem Load (3.0ms)[0m   [0;1mSELECT * FROM "todo_items" ORDER BY created_at desc[0m
Rendering template within layouts/application
Rendering todo_items/index
Rendered todo_items/_todo_item (23.0ms)
Rendered todo_items/_todo_item (25.0ms)
Rendered todo_items/_todo_item (18.0ms)
Completed in 160ms (View: 94, DB: 3) | 200 OK [http://localhost/]


Processing TodoItemsController#create (for 127.0.0.1 at 2010-04-15 20:48:40) [POST]
  Parameters: {"todo_item"=>{"title"=>"Test"}, "commit"=>"Add", "authenticity_token"=>"nxcTG+XvI0oM8XH5nIIeN7/5q3kfJ2500z/EcoU9ctc="}
  [4;35;1mTodoItem Create (5.0ms)[0m   [0mINSERT INTO "todo_items" ("created_at", "title", "updated_at", "done") VALUES('2010-04-15 10:48:40', 'Test', '2010-04-15 10:48:40', 'f')[0m
Redirected to http://localhost:3000/
Completed in 431ms (DB: 5) | 302 Found [http://localhost/todo_items]


Processing TodoItemsController#index (for 127.0.0.1 at 2010-04-15 20:48:42) [GET]
  [4;36;1mTodoItem Load (2.0ms)[0m   [0;1mSELECT * FROM "todo_items" ORDER BY created_at desc[0m
Rendering template within layouts/application
Rendering todo_items/index
Rendered todo_items/_todo_item (28.0ms)
Rendered todo_items/_todo_item (21.0ms)
Rendered todo_items/_todo_item (22.0ms)
Rendered todo_items/_todo_item (29.0ms)
Completed in 212ms (View: 135, DB: 2) | 200 OK [http://localhost/]


Processing TodoItemsController#destroy (for 127.0.0.1 at 2010-04-15 20:48:47) [DELETE]
  Parameters: {"authenticity_token"=>"nxcTG+XvI0oM8XH5nIIeN7/5q3kfJ2500z/EcoU9ctc=", "id"=>"6"}
  [4;35;1mSQL (2.0ms)[0m   [0m SELECT name
 FROM sqlite_master
 WHERE type = 'table' AND NOT name = 'sqlite_sequence'
[0m

NoMethodError (undefined method `destroy!' for #<Class:0x7f2505ec>):
  app/controllers/todo_items_controller.rb:21:in `destroy'

Rendered rescues/_trace (158.0ms)
Rendered rescues/_request_and_response (1.0ms)
Rendering rescues/layout (internal_server_error)


Processing TodoItemsController#destroy (for 127.0.0.1 at 2010-04-15 20:49:01) [DELETE]
  Parameters: {"authenticity_token"=>"nxcTG+XvI0oM8XH5nIIeN7/5q3kfJ2500z/EcoU9ctc=", "id"=>"6"}
  [4;36;1mTodoItem Load (2.0ms)[0m   [0;1mSELECT * FROM "todo_items" WHERE ("todo_items"."id" = 6) [0m
  [4;35;1mTodoItem Destroy (7.0ms)[0m   [0mDELETE FROM "todo_items" WHERE "id" = 6[0m
Redirected to http://localhost:3000/
Completed in 236ms (DB: 9) | 302 Found [http://localhost/todo_items/6]


Processing TodoItemsController#index (for 127.0.0.1 at 2010-04-15 20:49:03) [GET]
  [4;36;1mTodoItem Load (3.0ms)[0m   [0;1mSELECT * FROM "todo_items" ORDER BY created_at desc[0m
Rendering template within layouts/application
Rendering todo_items/index
Rendered todo_items/_todo_item (21.0ms)
Rendered todo_items/_todo_item (26.0ms)
Rendered todo_items/_todo_item (25.0ms)
Completed in 170ms (View: 104, DB: 3) | 200 OK [http://localhost/]


Processing TodoItemsController#undo (for 127.0.0.1 at 2010-04-15 20:51:50) [PUT]
  Parameters: {"authenticity_token"=>"nxcTG+XvI0oM8XH5nIIeN7/5q3kfJ2500z/EcoU9ctc=", "id"=>"3"}
  [4;35;1mTodoItem Load (2.0ms)[0m   [0mSELECT * FROM "todo_items" WHERE ("todo_items"."id" = 3) [0m
  [4;36;1mTodoItem Update (5.0ms)[0m   [0;1mUPDATE "todo_items" SET "updated_at" = '2010-04-15 10:51:50', "done" = 'f' WHERE "id" = 3[0m
Redirected to http://localhost:3000/
Completed in 251ms (DB: 7) | 302 Found [http://localhost/todo_items/3/undo]


Processing TodoItemsController#index (for 127.0.0.1 at 2010-04-15 20:51:51) [GET]
  [4;35;1mTodoItem Load (2.0ms)[0m   [0mSELECT * FROM "todo_items" ORDER BY created_at desc[0m
Rendering template within layouts/application
Rendering todo_items/index
Rendered todo_items/_todo_item (27.0ms)
Rendered todo_items/_todo_item (24.0ms)
Rendered todo_items/_todo_item (23.0ms)
Completed in 182ms (View: 109, DB: 2) | 200 OK [http://localhost/]


Processing TodoItemsController#index (for 127.0.0.1 at 2010-04-15 20:56:13) [GET]
  [4;36;1mTodoItem Load (2.0ms)[0m   [0;1mSELECT * FROM "todo_items" ORDER BY created_at desc[0m
Rendering template within layouts/application
Rendering todo_items/index
Rendered todo_items/_todo_item (19.0ms)
Rendered todo_items/_todo_item (19.0ms)
Rendered todo_items/_todo_item (19.0ms)
Completed in 148ms (View: 86, DB: 2) | 200 OK [http://localhost/]


Processing TodoItemsController#done (for 127.0.0.1 at 2010-04-15 21:01:15) [PUT]
  Parameters: {"authenticity_token"=>"nxcTG+XvI0oM8XH5nIIeN7/5q3kfJ2500z/EcoU9ctc=", "id"=>"4"}
  [4;35;1mTodoItem Load (1.0ms)[0m   [0mSELECT * FROM "todo_items" WHERE ("todo_items"."id" = 4) [0m
  [4;36;1mTodoItem Update (6.0ms)[0m   [0;1mUPDATE "todo_items" SET "updated_at" = '2010-04-15 11:01:15', "done" = 't' WHERE "id" = 4[0m
Redirected to http://localhost:3000/
Completed in 269ms (DB: 7) | 302 Found [http://localhost/todo_items/4/done]


Processing TodoItemsController#index (for 127.0.0.1 at 2010-04-15 21:01:17) [GET]
  [4;35;1mTodoItem Load (3.0ms)[0m   [0mSELECT * FROM "todo_items" ORDER BY created_at desc[0m
Rendering template within layouts/application
Rendering todo_items/index
Rendered todo_items/_todo_item (23.0ms)
Rendered todo_items/_todo_item (24.0ms)
Rendered todo_items/_todo_item (22.0ms)
Completed in 167ms (View: 100, DB: 3) | 200 OK [http://localhost/]


Processing TodoItemsController#index (for 127.0.0.1 at 2010-04-15 21:03:35) [GET]
  [4;36;1mTodoItem Load (2.0ms)[0m   [0;1mSELECT * FROM "todo_items" ORDER BY created_at desc[0m
Rendering template within layouts/application
Rendering todo_items/index
Rendered todo_items/_todo_item (29.0ms)
Rendered todo_items/_todo_item (26.0ms)
Rendered todo_items/_todo_item (26.0ms)
Completed in 179ms (View: 121, DB: 2) | 200 OK [http://localhost/]


Processing TodoItemsController#index (for 127.0.0.1 at 2010-04-15 21:03:41) [GET]
  [4;35;1mTodoItem Load (2.0ms)[0m   [0mSELECT * FROM "todo_items" ORDER BY created_at desc[0m
Rendering template within layouts/application
Rendering todo_items/index
Rendered todo_items/_todo_item (26.0ms)
Rendered todo_items/_todo_item (23.0ms)
Rendered todo_items/_todo_item (26.0ms)
Completed in 157ms (View: 100, DB: 2) | 200 OK [http://localhost/]


Processing TodoItemsController#index (for 127.0.0.1 at 2010-04-15 21:03:53) [GET]
  [4;36;1mTodoItem Load (2.0ms)[0m   [0;1mSELECT * FROM "todo_items" ORDER BY created_at desc[0m
Rendering template within layouts/application
Rendering todo_items/index
Rendered todo_items/_todo_item (30.0ms)
Rendered todo_items/_todo_item (25.0ms)
Rendered todo_items/_todo_item (24.0ms)
Completed in 178ms (View: 119, DB: 2) | 200 OK [http://localhost/]


Processing TodoItemsController#index (for 127.0.0.1 at 2010-04-15 21:04:09) [GET]
  [4;35;1mTodoItem Load (2.0ms)[0m   [0mSELECT * FROM "todo_items" ORDER BY created_at desc[0m
Rendering template within layouts/application
Rendering todo_items/index
Rendered todo_items/_todo_item (28.0ms)
Rendered todo_items/_todo_item (24.0ms)
Rendered todo_items/_todo_item (23.0ms)
Completed in 171ms (View: 114, DB: 2) | 200 OK [http://localhost/]


Processing TodoItemsController#index (for 127.0.0.1 at 2010-04-15 21:04:19) [GET]
  [4;36;1mTodoItem Load (2.0ms)[0m   [0;1mSELECT * FROM "todo_items" ORDER BY created_at desc[0m
Rendering template within layouts/application
Rendering todo_items/index
Rendered todo_items/_todo_item (27.0ms)
Rendered todo_items/_todo_item (23.0ms)
Rendered todo_items/_todo_item (19.0ms)
Completed in 163ms (View: 106, DB: 2) | 200 OK [http://localhost/]


Processing TodoItemsController#index (for 127.0.0.1 at 2010-04-15 21:04:59) [GET]
  [4;35;1mTodoItem Load (1.0ms)[0m   [0mSELECT * FROM "todo_items" ORDER BY created_at desc[0m
Rendering template within layouts/application
Rendering todo_items/index

ActionView::TemplateError (undefined local variable or method `todo_ite' for #<ActionView::Base:0x7efc6128>) on line #6 of app/views/todo_items/_todo_item.html.erb:
3: <%else%>
4: <li class="outstanding">
5: <%end%>
6: 	<checkbox id="item<%= todo_ite.id %>_done" />
7: 	<%= todo_item.title %> 
8: 	<%= link_to "[Delete]", todo_item, :method => :delete, 
9: 			:confirm => "Are you sure you want to delete this item?" %>	

    app/views/todo_items/_todo_item.html.erb:6
    app/views/todo_items/index.html.erb:11

Rendered rescues/_trace (202.0ms)
Rendered rescues/_request_and_response (1.0ms)
Rendering rescues/layout (internal_server_error)


Processing TodoItemsController#index (for 127.0.0.1 at 2010-04-15 21:05:17) [GET]
  [4;36;1mTodoItem Load (3.0ms)[0m   [0;1mSELECT * FROM "todo_items" ORDER BY created_at desc[0m
Rendering template within layouts/application
Rendering todo_items/index
Rendered todo_items/_todo_item (25.0ms)
Rendered todo_items/_todo_item (18.0ms)
Rendered todo_items/_todo_item (20.0ms)
Completed in 158ms (View: 101, DB: 3) | 200 OK [http://localhost/]


Processing TodoItemsController#index (for 127.0.0.1 at 2010-04-15 21:06:16) [GET]
  [4;35;1mTodoItem Load (2.0ms)[0m   [0mSELECT * FROM "todo_items" ORDER BY created_at desc[0m
Rendering template within layouts/application
Rendering todo_items/index
Rendered todo_items/_todo_item (25.0ms)
Rendered todo_items/_todo_item (20.0ms)
Rendered todo_items/_todo_item (17.0ms)
Completed in 158ms (View: 100, DB: 2) | 200 OK [http://localhost/]


Processing TodoItemsController#index (for 127.0.0.1 at 2010-04-15 21:06:28) [GET]
  [4;36;1mTodoItem Load (3.0ms)[0m   [0;1mSELECT * FROM "todo_items" ORDER BY created_at desc[0m
Rendering template within layouts/application
Rendering todo_items/index
Rendered todo_items/_todo_item (23.0ms)
Rendered todo_items/_todo_item (19.0ms)
Rendered todo_items/_todo_item (18.0ms)
Completed in 144ms (View: 86, DB: 3) | 200 OK [http://localhost/]


Processing TodoItemsController#index (for 127.0.0.1 at 2010-04-15 21:06:35) [GET]
  [4;35;1mTodoItem Load (2.0ms)[0m   [0mSELECT * FROM "todo_items" ORDER BY created_at desc[0m
Rendering template within layouts/application
Rendering todo_items/index
Rendered todo_items/_todo_item (20.0ms)
Rendered todo_items/_todo_item (17.0ms)
Rendered todo_items/_todo_item (19.0ms)
Completed in 135ms (View: 79, DB: 2) | 200 OK [http://localhost/]


Processing TodoItemsController#index (for 127.0.0.1 at 2010-04-15 21:07:26) [GET]
  [4;36;1mTodoItem Load (2.0ms)[0m   [0;1mSELECT * FROM "todo_items" ORDER BY created_at desc[0m
Rendering template within layouts/application
Rendering todo_items/index
Rendered todo_items/_todo_item (25.0ms)
Rendered todo_items/_todo_item (22.0ms)
Rendered todo_items/_todo_item (24.0ms)
Completed in 358ms (View: 296, DB: 2) | 200 OK [http://localhost/]


Processing TodoItemsController#index (for 127.0.0.1 at 2010-04-15 21:07:38) [GET]
  [4;35;1mTodoItem Load (2.0ms)[0m   [0mSELECT * FROM "todo_items" ORDER BY created_at desc[0m
Rendering template within layouts/application
Rendering todo_items/index
Rendered todo_items/_todo_item (21.0ms)
Rendered todo_items/_todo_item (20.0ms)
Rendered todo_items/_todo_item (21.0ms)
Completed in 152ms (View: 89, DB: 2) | 200 OK [http://localhost/]


Processing TodoItemsController#index (for 127.0.0.1 at 2010-04-15 21:09:26) [GET]
  [4;36;1mTodoItem Load (2.0ms)[0m   [0;1mSELECT * FROM "todo_items" ORDER BY created_at desc[0m
Rendering template within layouts/application
Rendering todo_items/index
Rendered todo_items/_todo_item (26.0ms)
Rendered todo_items/_todo_item (35.0ms)
Rendered todo_items/_todo_item (20.0ms)
Completed in 182ms (View: 117, DB: 2) | 200 OK [http://localhost/]


Processing TodoItemsController#undo (for 127.0.0.1 at 2010-04-15 21:09:30) [PUT]
  Parameters: {"authenticity_token"=>"nxcTG+XvI0oM8XH5nIIeN7/5q3kfJ2500z/EcoU9ctc=", "id"=>"4"}
  [4;35;1mTodoItem Load (1.0ms)[0m   [0mSELECT * FROM "todo_items" WHERE ("todo_items"."id" = 4) [0m
  [4;36;1mTodoItem Update (4.0ms)[0m   [0;1mUPDATE "todo_items" SET "updated_at" = '2010-04-15 11:09:30', "done" = 'f' WHERE "id" = 4[0m
Redirected to http://localhost:3000/
Completed in 292ms (DB: 5) | 302 Found [http://localhost/todo_items/4/undo]


Processing TodoItemsController#index (for 127.0.0.1 at 2010-04-15 21:09:32) [GET]
  [4;35;1mTodoItem Load (1.0ms)[0m   [0mSELECT * FROM "todo_items" ORDER BY created_at desc[0m
Rendering template within layouts/application
Rendering todo_items/index
Rendered todo_items/_todo_item (20.0ms)
Rendered todo_items/_todo_item (19.0ms)
Rendered todo_items/_todo_item (23.0ms)
Completed in 148ms (View: 90, DB: 1) | 200 OK [http://localhost/]


Processing TodoItemsController#done (for 127.0.0.1 at 2010-04-15 21:10:05) [PUT]
  Parameters: {"authenticity_token"=>"nxcTG+XvI0oM8XH5nIIeN7/5q3kfJ2500z/EcoU9ctc=", "id"=>"4"}
  [4;36;1mTodoItem Load (2.0ms)[0m   [0;1mSELECT * FROM "todo_items" WHERE ("todo_items"."id" = 4) [0m
  [4;35;1mTodoItem Update (4.0ms)[0m   [0mUPDATE "todo_items" SET "updated_at" = '2010-04-15 11:10:05', "done" = 't' WHERE "id" = 4[0m
Redirected to http://localhost:3000/
Completed in 220ms (DB: 6) | 302 Found [http://localhost/todo_items/4/done]


Processing TodoItemsController#index (for 127.0.0.1 at 2010-04-15 21:10:07) [GET]
  [4;36;1mTodoItem Load (1.0ms)[0m   [0;1mSELECT * FROM "todo_items" ORDER BY created_at desc[0m
Rendering template within layouts/application
Rendering todo_items/index
Rendered todo_items/_todo_item (24.0ms)
Rendered todo_items/_todo_item (19.0ms)
Rendered todo_items/_todo_item (24.0ms)
Completed in 148ms (View: 92, DB: 1) | 200 OK [http://localhost/]
  [4;36;1mSQL (0.0ms)[0m   [0;1m SELECT name
 FROM sqlite_master
 WHERE type = 'table' AND NOT name = 'sqlite_sequence'
[0m
  [4;35;1mSQL (0.0ms)[0m   [0mSELECT version FROM schema_migrations[0m
Migrating to CreateTodoItems (20100415091134)
Migrating to CreateTags (20100422093823)
  [4;36;1mSQL (0.0ms)[0m   [0;1mselect sqlite_version(*)[0m
  [4;35;1mSQL (62.0ms)[0m   [0mCREATE TABLE "tags" ("id" INTEGER PRIMARY KEY AUTOINCREMENT NOT NULL, "name" varchar(255), "created_at" datetime, "updated_at" datetime) [0m
  [4;36;1mSQL (0.0ms)[0m   [0;1mINSERT INTO schema_migrations (version) VALUES ('20100422093823')[0m
Migrating to CreateTodoItemTags (20100422094101)
  [4;35;1mSQL (0.0ms)[0m   [0mCREATE TABLE "todo_item_tags" ("id" INTEGER PRIMARY KEY AUTOINCREMENT NOT NULL, "tag_id" integer, "todo_item_id" integer, "created_at" datetime, "updated_at" datetime) [0m
  [4;36;1mSQL (0.0ms)[0m   [0;1mCREATE INDEX "index_todo_item_tags_on_tag_id" ON "todo_item_tags" ("tag_id")[0m
  [4;35;1mSQL (16.0ms)[0m   [0mCREATE INDEX "index_todo_item_tags_on_todo_item_id" ON "todo_item_tags" ("todo_item_id")[0m
  [4;36;1mSQL (0.0ms)[0m   [0;1mCREATE INDEX "index_todo_item_tags_on_tag_id_and_todo_item_id" ON "todo_item_tags" ("tag_id", "todo_item_id")[0m
  [4;35;1mSQL (0.0ms)[0m   [0mINSERT INTO schema_migrations (version) VALUES ('20100422094101')[0m
  [4;36;1mSQL (0.0ms)[0m   [0;1m SELECT name
 FROM sqlite_master
 WHERE type = 'table' AND NOT name = 'sqlite_sequence'
[0m
  [4;35;1mSQL (0.0ms)[0m   [0mSELECT version FROM schema_migrations[0m
  [4;36;1mSQL (16.0ms)[0m   [0;1m SELECT name
 FROM sqlite_master
 WHERE type = 'table' AND NOT name = 'sqlite_sequence'
[0m
  [4;35;1mSQL (0.0ms)[0m   [0mPRAGMA index_list("tags")[0m
  [4;36;1mSQL (15.0ms)[0m   [0;1mPRAGMA index_list("todo_item_tags")[0m
  [4;35;1mSQL (0.0ms)[0m   [0mPRAGMA index_info('index_todo_item_tags_on_tag_id_and_todo_item_id')[0m
  [4;36;1mSQL (0.0ms)[0m   [0;1mPRAGMA index_info('index_todo_item_tags_on_todo_item_id')[0m
  [4;35;1mSQL (0.0ms)[0m   [0mPRAGMA index_info('index_todo_item_tags_on_tag_id')[0m
  [4;36;1mSQL (0.0ms)[0m   [0;1mPRAGMA index_list("todo_items")[0m
  [4;36;1mTag Create (0.0ms)[0m   [0;1mINSERT INTO "tags" ("name", "created_at", "updated_at") VALUES('Rails', '2010-04-22 09:50:05', '2010-04-22 09:50:05')[0m
  [4;35;1mTag Create (16.0ms)[0m   [0mINSERT INTO "tags" ("name", "created_at", "updated_at") VALUES('Ruby', '2010-04-22 09:50:14', '2010-04-22 09:50:14')[0m
  [4;36;1mTag Create (15.0ms)[0m   [0;1mINSERT INTO "tags" ("name", "created_at", "updated_at") VALUES('JavaScript', '2010-04-22 09:50:23', '2010-04-22 09:50:23')[0m
  [4;35;1mTag Create (0.0ms)[0m   [0mINSERT INTO "tags" ("name", "created_at", "updated_at") VALUES('PHP', '2010-04-22 09:50:32', '2010-04-22 09:50:32')[0m
  [4;36;1mTodoItem Load (0.0ms)[0m   [0;1mSELECT * FROM "todo_items" LIMIT 1[0m
  [4;35;1mTodoItem Load (0.0ms)[0m   [0mSELECT * FROM "todo_items" LIMIT 1[0m
  [4;36;1mTodoItem Load (0.0ms)[0m   [0;1mSELECT * FROM "todo_items" LIMIT 1[0m
  [4;35;1mTag Load (0.0ms)[0m   [0mSELECT "tags".* FROM "tags" INNER JOIN "todo_item_tags" ON "tags".id = "todo_item_tags".tag_id WHERE (("todo_item_tags".todo_item_id = 3)) [0m
  [4;36;1mTag Create (16.0ms)[0m   [0;1mINSERT INTO "tags" ("name", "created_at", "updated_at") VALUES('Ruby', '2010-04-22 09:53:51', '2010-04-22 09:53:51')[0m
  [4;35;1mTodoItemTag Create (0.0ms)[0m   [0mINSERT INTO "todo_item_tags" ("created_at", "tag_id", "updated_at", "todo_item_id") VALUES('2010-04-22 09:53:51', 5, '2010-04-22 09:53:51', 3)[0m
  [4;36;1mTag Load (0.0ms)[0m   [0;1mSELECT * FROM "tags" [0m
  [4;36;1mSQL (16.0ms)[0m   [0;1m SELECT name
 FROM sqlite_master
 WHERE type = 'table' AND NOT name = 'sqlite_sequence'
[0m
  [4;35;1mSQL (0.0ms)[0m   [0m SELECT name
 FROM sqlite_master
 WHERE type = 'table' AND NOT name = 'sqlite_sequence'
[0m
  [4;36;1mSQL (0.0ms)[0m   [0;1m SELECT name
 FROM sqlite_master
 WHERE type = 'table' AND NOT name = 'sqlite_sequence'
[0m
  [4;36;1mTag Load (0.0ms)[0m   [0;1mSELECT * FROM "tags" [0m
  [4;35;1mTag Load (0.0ms)[0m   [0mSELECT * FROM "tags" WHERE ("tags"."name" = 'Ruby') LIMIT 1[0m


Processing TodoItemsController#index (for 127.0.0.1 at 2010-04-22 20:13:34) [GET]
  [4;36;1mTodoItem Load (0.0ms)[0m   [0;1mSELECT * FROM "todo_items" ORDER BY created_at desc[0m
Rendering template within layouts/application
Rendering todo_items/index
ERROR: compiling _run_erb_app47views47todo_items47_todo_item46html46erb_locals_object_todo_item_todo_item_counter RAISED compile error
/cygdrive/c/Users/Gareth/sites/todo/app/views/todo_items/_todo_item.html.erb:15: syntax error, unexpected ';'
;  todo_item.tags.each |t| ; @output_buffer.concat "\r\n\t- "
                            ^
/cygdrive/c/Users/Gareth/sites/todo/app/views/todo_items/_todo_item.html.erb:20: syntax error, unexpected kENSURE, expecting $end
Function body:           def _run_erb_app47views47todo_items47_todo_item46html46erb_locals_object_todo_item_todo_item_counter(local_assigns)
            old_output_buffer = output_buffer;todo_item = local_assigns[:todo_item];object = local_assigns[:object];todo_item_counter = local_assigns[:todo_item_counter];;@output_buffer = '';  __in_erb_template=true ;  if todo_item.done ; @output_buffer.concat "\r\n<li class=\"done\">\r\n"

; else; @output_buffer.concat "\r\n<li class=\"outstanding\">\r\n"

; end; @output_buffer.concat "\r\n\t<input type=\"checkbox\" id=\"item"
; @output_buffer.concat(( todo_item.id ).to_s); @output_buffer.concat "_done\" "; @output_buffer.concat(( "checked" if todo_item.done? ).to_s); @output_buffer.concat "/>\r\n\t"
; @output_buffer.concat(( todo_item.title ).to_s); @output_buffer.concat " \r\n\t"
; @output_buffer.concat(( link_to "[Delete]", todo_item, :method => :delete, 
			:confirm => "Are you sure you want to delete this item?" ).to_s); @output_buffer.concat "\t\r\n\t"
;  if todo_item.done? ; @output_buffer.concat "\r\n\t\t"
; @output_buffer.concat(( link_to "[Undo]", undo_todo_item_path(todo_item), :method => :put ).to_s); @output_buffer.concat "\r\n\t"
;  else ; @output_buffer.concat "\r\n\t\t"
; @output_buffer.concat(( link_to "[Done]", done_todo_item_path(todo_item), :method => :put ).to_s); @output_buffer.concat "\r\n\t"
;  end ; @output_buffer.concat "\r\n\t"
;  todo_item.tags.each |t| ; @output_buffer.concat "\r\n\t- "
;  t.name ; @output_buffer.concat "\r\n\t"
;  end ; @output_buffer.concat "\r\n</li>\r\n"

; @output_buffer
          ensure
            self.output_buffer = old_output_buffer
          end
Backtrace: /cygdrive/c/Users/Gareth/sites/todo/app/views/todo_items/_todo_item.html.erb:20:in `compile!'
/usr/lib/ruby/gems/1.8/gems/actionpack-2.3.5/lib/action_view/renderable.rb:61:in `compile'
/usr/lib/ruby/gems/1.8/gems/actionpack-2.3.5/lib/action_view/renderable.rb:28:in `render'
/usr/lib/ruby/gems/1.8/gems/actionpack-2.3.5/lib/action_view/renderable_partial.rb:20:in `render'
/usr/lib/ruby/gems/1.8/gems/actionpack-2.3.5/lib/action_controller/benchmarking.rb:26:in `benchmark'
/usr/lib/ruby/gems/1.8/gems/activesupport-2.3.5/lib/active_support/core_ext/benchmark.rb:17:in `ms'
/usr/lib/ruby/1.8/benchmark.rb:308:in `realtime'
/usr/lib/ruby/gems/1.8/gems/activesupport-2.3.5/lib/active_support/core_ext/benchmark.rb:17:in `ms'
/usr/lib/ruby/gems/1.8/gems/actionpack-2.3.5/lib/action_controller/benchmarking.rb:26:in `benchmark'
/usr/lib/ruby/gems/1.8/gems/actionpack-2.3.5/lib/action_view/renderable_partial.rb:19:in `render'
/usr/lib/ruby/gems/1.8/gems/actionpack-2.3.5/lib/action_view/template.rb:205:in `render_template'
/usr/lib/ruby/gems/1.8/gems/actionpack-2.3.5/lib/action_view/renderable_partial.rb:44:in `render_partial'
/usr/lib/ruby/gems/1.8/gems/actionpack-2.3.5/lib/action_view/partials.rb:221:in `render_partial_collection'
/usr/lib/ruby/gems/1.8/gems/actionpack-2.3.5/lib/action_view/partials.rb:216:in `map'
/usr/lib/ruby/gems/1.8/gems/actionpack-2.3.5/lib/action_view/partials.rb:216:in `render_partial_collection'
/usr/lib/ruby/gems/1.8/gems/actionpack-2.3.5/lib/action_view/partials.rb:195:in `render_partial'
/usr/lib/ruby/gems/1.8/gems/actionpack-2.3.5/lib/action_view/base.rb:276:in `render'
/cygdrive/c/Users/Gareth/sites/todo/app/views/todo_items/index.html.erb:11:in `_run_erb_app47views47todo_items47index46html46erb'
/usr/lib/ruby/gems/1.8/gems/actionpack-2.3.5/lib/action_view/renderable.rb:34:in `send'
/usr/lib/ruby/gems/1.8/gems/actionpack-2.3.5/lib/action_view/renderable.rb:34:in `render'
/usr/lib/ruby/gems/1.8/gems/actionpack-2.3.5/lib/action_view/base.rb:306:in `with_template'
/usr/lib/ruby/gems/1.8/gems/actionpack-2.3.5/lib/action_view/renderable.rb:30:in `render'
/usr/lib/ruby/gems/1.8/gems/actionpack-2.3.5/lib/action_view/template.rb:205:in `render_template'
/usr/lib/ruby/gems/1.8/gems/actionpack-2.3.5/lib/action_view/base.rb:265:in `render'
/usr/lib/ruby/gems/1.8/gems/actionpack-2.3.5/lib/action_view/base.rb:348:in `_render_with_layout'
/usr/lib/ruby/gems/1.8/gems/actionpack-2.3.5/lib/action_view/base.rb:262:in `render'
/usr/lib/ruby/gems/1.8/gems/actionpack-2.3.5/lib/action_controller/base.rb:1250:in `render_for_file'
/usr/lib/ruby/gems/1.8/gems/actionpack-2.3.5/lib/action_controller/base.rb:945:in `render_without_benchmark'
/usr/lib/ruby/gems/1.8/gems/actionpack-2.3.5/lib/action_controller/benchmarking.rb:51:in `render'
/usr/lib/ruby/gems/1.8/gems/activesupport-2.3.5/lib/active_support/core_ext/benchmark.rb:17:in `ms'
/usr/lib/ruby/1.8/benchmark.rb:308:in `realtime'
/usr/lib/ruby/gems/1.8/gems/activesupport-2.3.5/lib/active_support/core_ext/benchmark.rb:17:in `ms'
/usr/lib/ruby/gems/1.8/gems/actionpack-2.3.5/lib/action_controller/benchmarking.rb:51:in `render'
/usr/lib/ruby/gems/1.8/gems/actionpack-2.3.5/lib/action_controller/base.rb:1326:in `default_render'
/usr/lib/ruby/gems/1.8/gems/actionpack-2.3.5/lib/action_controller/base.rb:1332:in `perform_action_without_filters'
/usr/lib/ruby/gems/1.8/gems/actionpack-2.3.5/lib/action_controller/filters.rb:617:in `call_filters'
/usr/lib/ruby/gems/1.8/gems/actionpack-2.3.5/lib/action_controller/filters.rb:610:in `perform_action_without_benchmark'
/usr/lib/ruby/gems/1.8/gems/actionpack-2.3.5/lib/action_controller/benchmarking.rb:68:in `perform_action_without_rescue'
/usr/lib/ruby/gems/1.8/gems/activesupport-2.3.5/lib/active_support/core_ext/benchmark.rb:17:in `ms'
/usr/lib/ruby/1.8/benchmark.rb:308:in `realtime'
/usr/lib/ruby/gems/1.8/gems/activesupport-2.3.5/lib/active_support/core_ext/benchmark.rb:17:in `ms'
/usr/lib/ruby/gems/1.8/gems/actionpack-2.3.5/lib/action_controller/benchmarking.rb:68:in `perform_action_without_rescue'
/usr/lib/ruby/gems/1.8/gems/actionpack-2.3.5/lib/action_controller/rescue.rb:160:in `perform_action_without_flash'
/usr/lib/ruby/gems/1.8/gems/actionpack-2.3.5/lib/action_controller/flash.rb:146:in `perform_action'
/usr/lib/ruby/gems/1.8/gems/actionpack-2.3.5/lib/action_controller/base.rb:532:in `send'
/usr/lib/ruby/gems/1.8/gems/actionpack-2.3.5/lib/action_controller/base.rb:532:in `process_without_filters'
/usr/lib/ruby/gems/1.8/gems/actionpack-2.3.5/lib/action_controller/filters.rb:606:in `process'
/usr/lib/ruby/gems/1.8/gems/actionpack-2.3.5/lib/action_controller/base.rb:391:in `process'
/usr/lib/ruby/gems/1.8/gems/actionpack-2.3.5/lib/action_controller/base.rb:386:in `call'
/usr/lib/ruby/gems/1.8/gems/actionpack-2.3.5/lib/action_controller/routing/route_set.rb:437:in `call'
/usr/lib/ruby/gems/1.8/gems/actionpack-2.3.5/lib/action_controller/dispatcher.rb:87:in `dispatch'
/usr/lib/ruby/gems/1.8/gems/actionpack-2.3.5/lib/action_controller/dispatcher.rb:121:in `_call'
/usr/lib/ruby/gems/1.8/gems/actionpack-2.3.5/lib/action_controller/dispatcher.rb:130:in `build_middleware_stack'
/usr/lib/ruby/gems/1.8/gems/activerecord-2.3.5/lib/active_record/query_cache.rb:29:in `call'
/usr/lib/ruby/gems/1.8/gems/activerecord-2.3.5/lib/active_record/query_cache.rb:29:in `call'
/usr/lib/ruby/gems/1.8/gems/activerecord-2.3.5/lib/active_record/connection_adapters/abstract/query_cache.rb:34:in `cache'
/usr/lib/ruby/gems/1.8/gems/activerecord-2.3.5/lib/active_record/query_cache.rb:9:in `cache'
/usr/lib/ruby/gems/1.8/gems/activerecord-2.3.5/lib/active_record/query_cache.rb:28:in `call'
/usr/lib/ruby/gems/1.8/gems/activerecord-2.3.5/lib/active_record/connection_adapters/abstract/connection_pool.rb:361:in `call'
/usr/lib/ruby/gems/1.8/gems/actionpack-2.3.5/lib/action_controller/string_coercion.rb:25:in `call'
/usr/lib/ruby/gems/1.8/gems/rack-1.0.1/lib/rack/head.rb:9:in `call'
/usr/lib/ruby/gems/1.8/gems/rack-1.0.1/lib/rack/methodoverride.rb:24:in `call'
/usr/lib/ruby/gems/1.8/gems/actionpack-2.3.5/lib/action_controller/params_parser.rb:15:in `call'
/usr/lib/ruby/gems/1.8/gems/actionpack-2.3.5/lib/action_controller/session/cookie_store.rb:93:in `call'
/usr/lib/ruby/gems/1.8/gems/actionpack-2.3.5/lib/action_controller/failsafe.rb:26:in `call'
/usr/lib/ruby/gems/1.8/gems/rack-1.0.1/lib/rack/lock.rb:11:in `call'
/usr/lib/ruby/gems/1.8/gems/rack-1.0.1/lib/rack/lock.rb:11:in `synchronize'
/usr/lib/ruby/gems/1.8/gems/rack-1.0.1/lib/rack/lock.rb:11:in `call'
/usr/lib/ruby/gems/1.8/gems/actionpack-2.3.5/lib/action_controller/dispatcher.rb:114:in `call'
/usr/lib/ruby/gems/1.8/gems/actionpack-2.3.5/lib/action_controller/reloader.rb:34:in `run'
/usr/lib/ruby/gems/1.8/gems/actionpack-2.3.5/lib/action_controller/dispatcher.rb:108:in `call'
/usr/lib/ruby/gems/1.8/gems/rails-2.3.5/lib/rails/rack/static.rb:31:in `call'
/usr/lib/ruby/gems/1.8/gems/rack-1.0.1/lib/rack/urlmap.rb:46:in `call'
/usr/lib/ruby/gems/1.8/gems/rack-1.0.1/lib/rack/urlmap.rb:40:in `each'
/usr/lib/ruby/gems/1.8/gems/rack-1.0.1/lib/rack/urlmap.rb:40:in `call'
/usr/lib/ruby/gems/1.8/gems/rails-2.3.5/lib/rails/rack/log_tailer.rb:17:in `call'
/usr/lib/ruby/gems/1.8/gems/rack-1.0.1/lib/rack/content_length.rb:13:in `call'
/usr/lib/ruby/gems/1.8/gems/rack-1.0.1/lib/rack/chunked.rb:15:in `call'
/usr/lib/ruby/gems/1.8/gems/rack-1.0.1/lib/rack/handler/mongrel.rb:64:in `process'
/usr/lib/ruby/gems/1.8/gems/mongrel-1.1.5/lib/mongrel.rb:159:in `process_client'
/usr/lib/ruby/gems/1.8/gems/mongrel-1.1.5/lib/mongrel.rb:158:in `each'
/usr/lib/ruby/gems/1.8/gems/mongrel-1.1.5/lib/mongrel.rb:158:in `process_client'
/usr/lib/ruby/gems/1.8/gems/mongrel-1.1.5/lib/mongrel.rb:285:in `run'
/usr/lib/ruby/gems/1.8/gems/mongrel-1.1.5/lib/mongrel.rb:285:in `initialize'
/usr/lib/ruby/gems/1.8/gems/mongrel-1.1.5/lib/mongrel.rb:285:in `new'
/usr/lib/ruby/gems/1.8/gems/mongrel-1.1.5/lib/mongrel.rb:285:in `run'
/usr/lib/ruby/gems/1.8/gems/mongrel-1.1.5/lib/mongrel.rb:268:in `initialize'
/usr/lib/ruby/gems/1.8/gems/mongrel-1.1.5/lib/mongrel.rb:268:in `new'
/usr/lib/ruby/gems/1.8/gems/mongrel-1.1.5/lib/mongrel.rb:268:in `run'
/usr/lib/ruby/gems/1.8/gems/rack-1.0.1/lib/rack/handler/mongrel.rb:34:in `run'
/usr/lib/ruby/gems/1.8/gems/rails-2.3.5/lib/commands/server.rb:111
/usr/lib/ruby/site_ruby/1.8/rubygems/custom_require.rb:31:in `gem_original_require'
/usr/lib/ruby/site_ruby/1.8/rubygems/custom_require.rb:31:in `require'
script/server:3

ActionView::TemplateError (compile error
/cygdrive/c/Users/Gareth/sites/todo/app/views/todo_items/_todo_item.html.erb:15: syntax error, unexpected ';'
;  todo_item.tags.each |t| ; @output_buffer.concat "\r\n\t- "
                            ^
/cygdrive/c/Users/Gareth/sites/todo/app/views/todo_items/_todo_item.html.erb:20: syntax error, unexpected kENSURE, expecting $end) on line #15 of app/views/todo_items/_todo_item.html.erb:
12: 	<% else %>
13: 		<%= link_to "[Done]", done_todo_item_path(todo_item), :method => :put %>
14: 	<% end %>
15: 	<% todo_item.tags.each |t| %>
16: 	- <% t.name %>
17: 	<% end %>
18: </li>

    app/views/todo_items/_todo_item.html.erb:20:in `compile!'
    app/views/todo_items/index.html.erb:11

Rendered rescues/_trace (187.0ms)
Rendered rescues/_request_and_response (0.0ms)
Rendering rescues/layout (internal_server_error)


Processing TodoItemsController#index (for 127.0.0.1 at 2010-04-22 20:14:15) [GET]
  [4;35;1mTodoItem Load (0.0ms)[0m   [0mSELECT * FROM "todo_items" ORDER BY created_at desc[0m
Rendering template within layouts/application
Rendering todo_items/index
  [4;36;1mTag Load (15.0ms)[0m   [0;1mSELECT "tags".* FROM "tags" INNER JOIN "todo_item_tags" ON "tags".id = "todo_item_tags".tag_id WHERE (("todo_item_tags".todo_item_id = 5)) [0m
Rendered todo_items/_todo_item (218.0ms)
  [4;35;1mTag Load (0.0ms)[0m   [0mSELECT "tags".* FROM "tags" INNER JOIN "todo_item_tags" ON "tags".id = "todo_item_tags".tag_id WHERE (("todo_item_tags".todo_item_id = 4)) [0m
Rendered todo_items/_todo_item (16.0ms)
  [4;36;1mTag Load (16.0ms)[0m   [0;1mSELECT "tags".* FROM "tags" INNER JOIN "todo_item_tags" ON "tags".id = "todo_item_tags".tag_id WHERE (("todo_item_tags".todo_item_id = 3)) [0m
Rendered todo_items/_todo_item (31.0ms)
Completed in 484ms (View: 390, DB: 31) | 200 OK [http://localhost/]


Processing TodoItemsController#index (for 127.0.0.1 at 2010-04-22 20:15:01) [GET]
  [4;35;1mTodoItem Load (0.0ms)[0m   [0mSELECT * FROM "todo_items" ORDER BY created_at desc[0m
Rendering template within layouts/application
Rendering todo_items/index
  [4;36;1mTag Load (0.0ms)[0m   [0;1mSELECT "tags".* FROM "tags" INNER JOIN "todo_item_tags" ON "tags".id = "todo_item_tags".tag_id WHERE (("todo_item_tags".todo_item_id = 5)) [0m
Rendered todo_items/_todo_item (156.0ms)
  [4;35;1mTag Load (0.0ms)[0m   [0mSELECT "tags".* FROM "tags" INNER JOIN "todo_item_tags" ON "tags".id = "todo_item_tags".tag_id WHERE (("todo_item_tags".todo_item_id = 4)) [0m
Rendered todo_items/_todo_item (31.0ms)
  [4;36;1mTag Load (0.0ms)[0m   [0;1mSELECT "tags".* FROM "tags" INNER JOIN "todo_item_tags" ON "tags".id = "todo_item_tags".tag_id WHERE (("todo_item_tags".todo_item_id = 3)) [0m
Rendered todo_items/_todo_item (47.0ms)
Completed in 343ms (View: 281, DB: 0) | 200 OK [http://localhost/]


Processing TodoItemsController#index (for 127.0.0.1 at 2010-04-22 20:22:00) [GET]
  [4;35;1mTodoItem Load (16.0ms)[0m   [0mSELECT * FROM "todo_items" ORDER BY created_at desc[0m
Rendering template within layouts/application
Rendering todo_items/index

ActionView::TemplateError (undefined local variable or method `item' for #<ActionView::Base:0x7f181b98>) on line #15 of app/views/todo_items/_todo_item.html.erb:
12: 	<% else %>
13: 		<%= link_to "[Done]", done_todo_item_path(todo_item), :method => :put %>
14: 	<% end %>
15: 	<%= item.tags.map { |tag| link_to(tag.name, root_path(:tags => tag.name)) }.join( ', ' ) %>
16: </li>

    app/views/todo_items/_todo_item.html.erb:15
    app/views/todo_items/index.html.erb:11

Rendered rescues/_trace (328.0ms)
Rendered rescues/_request_and_response (0.0ms)
Rendering rescues/layout (internal_server_error)


Processing TodoItemsController#index (for 127.0.0.1 at 2010-04-22 20:22:11) [GET]
  [4;36;1mTodoItem Load (0.0ms)[0m   [0;1mSELECT * FROM "todo_items" ORDER BY created_at desc[0m
Rendering template within layouts/application
Rendering todo_items/index
  [4;35;1mTag Load (0.0ms)[0m   [0mSELECT "tags".* FROM "tags" INNER JOIN "todo_item_tags" ON "tags".id = "todo_item_tags".tag_id WHERE (("todo_item_tags".todo_item_id = 5)) [0m
Rendered todo_items/_todo_item (109.0ms)
  [4;36;1mTag Load (0.0ms)[0m   [0;1mSELECT "tags".* FROM "tags" INNER JOIN "todo_item_tags" ON "tags".id = "todo_item_tags".tag_id WHERE (("todo_item_tags".todo_item_id = 4)) [0m
Rendered todo_items/_todo_item (16.0ms)
  [4;35;1mTag Load (0.0ms)[0m   [0mSELECT "tags".* FROM "tags" INNER JOIN "todo_item_tags" ON "tags".id = "todo_item_tags".tag_id WHERE (("todo_item_tags".todo_item_id = 3)) [0m
Rendered todo_items/_todo_item (31.0ms)
Completed in 249ms (View: 187, DB: 0) | 200 OK [http://localhost/]


Processing TodoItemsController#index (for 127.0.0.1 at 2010-04-22 20:22:19) [GET]
  Parameters: {"tags"=>"Ruby"}
  [4;36;1mTodoItem Load (0.0ms)[0m   [0;1mSELECT * FROM "todo_items" ORDER BY created_at desc[0m
Rendering template within layouts/application
Rendering todo_items/index
  [4;35;1mTag Load (0.0ms)[0m   [0mSELECT "tags".* FROM "tags" INNER JOIN "todo_item_tags" ON "tags".id = "todo_item_tags".tag_id WHERE (("todo_item_tags".todo_item_id = 5)) [0m
Rendered todo_items/_todo_item (109.0ms)
  [4;36;1mTag Load (0.0ms)[0m   [0;1mSELECT "tags".* FROM "tags" INNER JOIN "todo_item_tags" ON "tags".id = "todo_item_tags".tag_id WHERE (("todo_item_tags".todo_item_id = 4)) [0m
Rendered todo_items/_todo_item (16.0ms)
  [4;35;1mTag Load (0.0ms)[0m   [0mSELECT "tags".* FROM "tags" INNER JOIN "todo_item_tags" ON "tags".id = "todo_item_tags".tag_id WHERE (("todo_item_tags".todo_item_id = 3)) [0m
Rendered todo_items/_todo_item (31.0ms)
Completed in 219ms (View: 172, DB: 0) | 200 OK [http://localhost/?tags=Ruby]


Processing TodoItemsController#index (for 127.0.0.1 at 2010-04-22 20:23:53) [GET]
  Parameters: {"tags"=>"Ruby"}
  [4;36;1mTag Load (0.0ms)[0m   [0;1mSELECT * FROM "tags" WHERE ("tags"."name" = 'Ruby') LIMIT 1[0m
Rendering template within layouts/application
Rendering todo_items/index
  [4;35;1mTodoItem Load (0.0ms)[0m   [0mSELECT "todo_items".* FROM "todo_items" INNER JOIN "todo_item_tags" ON "todo_items".id = "todo_item_tags".todo_item_id WHERE (("todo_item_tags".tag_id = 2)) [0m
Completed in 156ms (View: 16, DB: 0) | 200 OK [http://localhost/?tags=Ruby]


Processing TodoItemsController#index (for 127.0.0.1 at 2010-04-22 20:24:00) [GET]
  [4;36;1mTodoItem Load (0.0ms)[0m   [0;1mSELECT * FROM "todo_items" ORDER BY created_at desc[0m
Rendering template within layouts/application
Rendering todo_items/index
  [4;35;1mTag Load (0.0ms)[0m   [0mSELECT "tags".* FROM "tags" INNER JOIN "todo_item_tags" ON "tags".id = "todo_item_tags".tag_id WHERE (("todo_item_tags".todo_item_id = 5)) [0m
Rendered todo_items/_todo_item (249.0ms)
  [4;36;1mTag Load (0.0ms)[0m   [0;1mSELECT "tags".* FROM "tags" INNER JOIN "todo_item_tags" ON "tags".id = "todo_item_tags".tag_id WHERE (("todo_item_tags".todo_item_id = 4)) [0m
Rendered todo_items/_todo_item (16.0ms)
  [4;35;1mTag Load (0.0ms)[0m   [0mSELECT "tags".* FROM "tags" INNER JOIN "todo_item_tags" ON "tags".id = "todo_item_tags".tag_id WHERE (("todo_item_tags".todo_item_id = 3)) [0m
Rendered todo_items/_todo_item (31.0ms)
Completed in 374ms (View: 327, DB: 0) | 200 OK [http://localhost/]


Processing TodoItemsController#index (for 127.0.0.1 at 2010-04-22 20:24:05) [GET]
  Parameters: {"tags"=>"Ruby"}
  [4;36;1mTag Load (0.0ms)[0m   [0;1mSELECT * FROM "tags" WHERE ("tags"."name" = 'Ruby') LIMIT 1[0m
Rendering template within layouts/application
Rendering todo_items/index
  [4;35;1mTodoItem Load (0.0ms)[0m   [0mSELECT "todo_items".* FROM "todo_items" INNER JOIN "todo_item_tags" ON "todo_items".id = "todo_item_tags".todo_item_id WHERE (("todo_item_tags".tag_id = 2)) [0m
Completed in 156ms (View: 15, DB: 0) | 200 OK [http://localhost/?tags=Ruby]
  [4;36;1mTag Load (0.0ms)[0m   [0;1mSELECT * FROM "tags" WHERE ("tags"."name" = 'Ruby') LIMIT 1[0m
  [4;35;1mTag Load (0.0ms)[0m   [0mSELECT * FROM "tags" WHERE ("tags"."name" = 'Ruby') LIMIT 1[0m
  [4;36;1mTodoItem Load (0.0ms)[0m   [0;1mSELECT "todo_items".* FROM "todo_items" INNER JOIN "todo_item_tags" ON "todo_items".id = "todo_item_tags".todo_item_id WHERE (("todo_item_tags".tag_id = 2)) [0m
  [4;35;1mTodoItemTag Load (0.0ms)[0m   [0mSELECT * FROM "todo_item_tags" [0m
  [4;36;1mTag Delete all (187.0ms)[0m   [0;1mDELETE FROM "tags" WHERE ("id" IN (5)) [0m
  [4;35;1mTag Load (0.0ms)[0m   [0mSELECT * FROM "tags" [0m
  [4;36;1mTodoItemTag Load (0.0ms)[0m   [0;1mSELECT * FROM "todo_item_tags" [0m
  [4;35;1mTodoItemTag Load (0.0ms)[0m   [0mSELECT * FROM "todo_item_tags" [0m
  [4;36;1mTodoItemTag Load (0.0ms)[0m   [0;1mSELECT * FROM "todo_item_tags" LIMIT 1[0m
  [4;35;1mTodoItemTag Update (15.0ms)[0m   [0mUPDATE "todo_item_tags" SET "updated_at" = '2010-04-22 10:26:03', "tag_id" = 2 WHERE "id" = 1[0m


Processing TodoItemsController#index (for 127.0.0.1 at 2010-04-22 20:26:10) [GET]
  [4;36;1mTodoItem Load (15.0ms)[0m   [0;1mSELECT * FROM "todo_items" ORDER BY created_at desc[0m
Rendering template within layouts/application
Rendering todo_items/index
  [4;35;1mTag Load (0.0ms)[0m   [0mSELECT "tags".* FROM "tags" INNER JOIN "todo_item_tags" ON "tags".id = "todo_item_tags".tag_id WHERE (("todo_item_tags".todo_item_id = 5)) [0m
Rendered todo_items/_todo_item (109.0ms)
  [4;36;1mTag Load (0.0ms)[0m   [0;1mSELECT "tags".* FROM "tags" INNER JOIN "todo_item_tags" ON "tags".id = "todo_item_tags".tag_id WHERE (("todo_item_tags".todo_item_id = 4)) [0m
Rendered todo_items/_todo_item (16.0ms)
  [4;35;1mTag Load (16.0ms)[0m   [0mSELECT "tags".* FROM "tags" INNER JOIN "todo_item_tags" ON "tags".id = "todo_item_tags".tag_id WHERE (("todo_item_tags".todo_item_id = 3)) [0m
Rendered todo_items/_todo_item (31.0ms)
Completed in 234ms (View: 156, DB: 31) | 200 OK [http://localhost/]


Processing TodoItemsController#index (for 127.0.0.1 at 2010-04-22 20:26:15) [GET]
  Parameters: {"tags"=>"Ruby"}
  [4;36;1mTag Load (0.0ms)[0m   [0;1mSELECT * FROM "tags" WHERE ("tags"."name" = 'Ruby') LIMIT 1[0m
Rendering template within layouts/application
Rendering todo_items/index
  [4;35;1mTodoItem Load (0.0ms)[0m   [0mSELECT "todo_items".* FROM "todo_items" INNER JOIN "todo_item_tags" ON "todo_items".id = "todo_item_tags".todo_item_id WHERE (("todo_item_tags".tag_id = 2)) [0m
  [4;36;1mTag Load (0.0ms)[0m   [0;1mSELECT "tags".* FROM "tags" INNER JOIN "todo_item_tags" ON "tags".id = "todo_item_tags".tag_id WHERE (("todo_item_tags".todo_item_id = 3)) [0m
Rendered todo_items/_todo_item (31.0ms)
Completed in 187ms (View: 47, DB: 0) | 200 OK [http://localhost/?tags=Ruby]
